TN:result
SF:/usr/include/c++/7/bits/alloc_traits.h
FN:435,_ZNSt16allocator_traitsISaISt4pairIS0_IiiEcEEE8allocateERS3_m
FN:435,_ZNSt16allocator_traitsISaISt4pairIiiEEE8allocateERS2_m
FN:461,_ZNSt16allocator_traitsISaISt4pairIS0_IiiEcEEE10deallocateERS3_PS2_m
FN:461,_ZNSt16allocator_traitsISaISt4pairIiiEEE10deallocateERS2_PS1_m
FN:474,_ZNSt16allocator_traitsISaISt4pairIiiEEE9constructIS1_JRKS1_EEEvRS2_PT_DpOT0_
FN:474,_ZNSt16allocator_traitsISaISt4pairIS0_IiiEcEEE9constructIS2_JS2_EEEvRS3_PT_DpOT0_
FN:474,_ZNSt16allocator_traitsISaISt4pairIiiEEE9constructIS1_JS1_EEEvRS2_PT_DpOT0_
FN:486,_ZNSt16allocator_traitsISaISt4pairIiiEEE7destroyIS1_EEvRS2_PT_
FN:486,_ZNSt16allocator_traitsISaISt4pairIS0_IiiEcEEE7destroyIS2_EEvRS3_PT_
FN:495,_ZNSt16allocator_traitsISaISt4pairIS0_IiiEcEEE8max_sizeERKS3_
FN:495,_ZNSt16allocator_traitsISaISt4pairIiiEEE8max_sizeERKS2_
FNDA:0,_ZNSt16allocator_traitsISaISt4pairIS0_IiiEcEEE8allocateERS3_m
FNDA:6,_ZNSt16allocator_traitsISaISt4pairIiiEEE8allocateERS2_m
FNDA:0,_ZNSt16allocator_traitsISaISt4pairIS0_IiiEcEEE10deallocateERS3_PS2_m
FNDA:6,_ZNSt16allocator_traitsISaISt4pairIiiEEE10deallocateERS2_PS1_m
FNDA:0,_ZNSt16allocator_traitsISaISt4pairIS0_IiiEcEEE9constructIS2_JS2_EEEvRS3_PT_DpOT0_
FNDA:10,_ZNSt16allocator_traitsISaISt4pairIiiEEE9constructIS1_JS1_EEEvRS2_PT_DpOT0_
FNDA:0,_ZNSt16allocator_traitsISaISt4pairIiiEEE9constructIS1_JRKS1_EEEvRS2_PT_DpOT0_
FNDA:0,_ZNSt16allocator_traitsISaISt4pairIS0_IiiEcEEE7destroyIS2_EEvRS3_PT_
FNDA:0,_ZNSt16allocator_traitsISaISt4pairIiiEEE7destroyIS1_EEvRS2_PT_
FNDA:0,_ZNSt16allocator_traitsISaISt4pairIS0_IiiEcEEE8max_sizeERKS3_
FNDA:12,_ZNSt16allocator_traitsISaISt4pairIiiEEE8max_sizeERKS2_
FNF:11
FNH:4
DA:435,6
DA:436,6
DA:461,6
DA:462,6
DA:474,10
DA:475,10
DA:486,0
DA:487,0
DA:495,12
DA:496,12
LF:10
LH:8
end_of_record
SF:/usr/include/c++/7/bits/allocator.h
FN:131,_ZNSaISt4pairIS_IiiEcEEC2Ev
FN:131,_ZNSaISt4pairIiiEEC2Ev
FN:139,_ZNSaISt4pairIS_IiiEcEED2Ev
FN:139,_ZNSaISt4pairIiiEED2Ev
FNDA:2,_ZNSaISt4pairIS_IiiEcEEC2Ev
FNDA:3,_ZNSaISt4pairIiiEEC2Ev
FNDA:2,_ZNSaISt4pairIS_IiiEcEED2Ev
FNDA:3,_ZNSaISt4pairIiiEED2Ev
FNF:4
FNH:4
DA:131,5
DA:139,5
LF:2
LH:2
end_of_record
SF:/usr/include/c++/7/bits/ios_base.h
FN:129,_ZStorSt13_Ios_OpenmodeS_
FNDA:69,_ZStorSt13_Ios_OpenmodeS_
FNF:1
FNH:1
DA:129,69
DA:130,69
LF:2
LH:2
end_of_record
SF:/usr/include/c++/7/bits/move.h
FN:47,_ZSt11__addressofISt4pairIiiEEPT_RS2_
FN:47,_ZSt11__addressofISt4pairIS0_IiiEcEEPT_RS3_
FN:73,_ZSt7forwardISt4pairIS0_IiiEcEEOT_RNSt16remove_referenceIS3_E4typeE
FN:73,_ZSt7forwardIRiEOT_RNSt16remove_referenceIS1_E4typeE
FN:73,_ZSt7forwardIRKSt4pairIiiEEOT_RNSt16remove_referenceIS4_E4typeE
FN:73,_ZSt7forwardIRcEOT_RNSt16remove_referenceIS1_E4typeE
FN:73,_ZSt7forwardISt4pairIiiEEOT_RNSt16remove_referenceIS2_E4typeE
FN:73,_ZSt7forwardIRSt4pairIiiEEOT_RNSt16remove_referenceIS3_E4typeE
FN:98,_ZSt4moveIRSt4pairIiiEEONSt16remove_referenceIT_E4typeEOS4_
FN:98,_ZSt4moveIRSt4pairIS0_IiiEcEEONSt16remove_referenceIT_E4typeEOS5_
FNDA:0,_ZSt11__addressofISt4pairIS0_IiiEcEEPT_RS3_
FNDA:15,_ZSt11__addressofISt4pairIiiEEPT_RS2_
FNDA:0,_ZSt7forwardIRKSt4pairIiiEEOT_RNSt16remove_referenceIS4_E4typeE
FNDA:0,_ZSt7forwardISt4pairIS0_IiiEcEEOT_RNSt16remove_referenceIS3_E4typeE
FNDA:51,_ZSt7forwardISt4pairIiiEEOT_RNSt16remove_referenceIS2_E4typeE
FNDA:0,_ZSt7forwardIRcEOT_RNSt16remove_referenceIS1_E4typeE
FNDA:0,_ZSt7forwardIRSt4pairIiiEEOT_RNSt16remove_referenceIS3_E4typeE
FNDA:20,_ZSt7forwardIRiEOT_RNSt16remove_referenceIS1_E4typeE
FNDA:0,_ZSt4moveIRSt4pairIS0_IiiEcEEONSt16remove_referenceIT_E4typeEOS5_
FNDA:10,_ZSt4moveIRSt4pairIiiEEONSt16remove_referenceIT_E4typeEOS4_
FNF:10
FNH:4
DA:47,15
DA:48,15
DA:73,71
DA:74,71
DA:98,10
DA:99,10
LF:6
LH:6
end_of_record
SF:/usr/include/c++/7/bits/stl_algobase.h
FN:219,_ZSt3maxImERKT_S2_S2_
FNDA:27,_ZSt3maxImERKT_S2_S2_
FNF:1
FNH:1
DA:219,27
DA:224,27
DA:225,17
DA:226,10
LF:4
LH:4
end_of_record
SF:/usr/include/c++/7/bits/stl_construct.h
FN:74,_ZSt10_ConstructISt4pairIiiEJS1_EEvPT_DpOT0_
FN:74,_ZSt10_ConstructISt4pairIS0_IiiEcEJS2_EEvPT_DpOT0_
FN:117,_ZNSt12_Destroy_auxILb1EE9__destroyIPSt4pairIS2_IiiEcEEEvT_S6_
FN:117,_ZNSt12_Destroy_auxILb1EE9__destroyIPSt4pairIiiEEEvT_S5_
FN:127,_ZSt8_DestroyIPSt4pairIiiEEvT_S3_
FN:127,_ZSt8_DestroyIPSt4pairIS0_IiiEcEEvT_S4_
FN:203,_ZSt8_DestroyIPSt4pairIS0_IiiEcES2_EvT_S4_RSaIT0_E
FN:203,_ZSt8_DestroyIPSt4pairIiiES1_EvT_S3_RSaIT0_E
FNDA:0,_ZSt10_ConstructISt4pairIS0_IiiEcEJS2_EEvPT_DpOT0_
FNDA:15,_ZSt10_ConstructISt4pairIiiEJS1_EEvPT_DpOT0_
FNDA:3,_ZNSt12_Destroy_auxILb1EE9__destroyIPSt4pairIS2_IiiEcEEEvT_S6_
FNDA:9,_ZNSt12_Destroy_auxILb1EE9__destroyIPSt4pairIiiEEEvT_S5_
FNDA:3,_ZSt8_DestroyIPSt4pairIS0_IiiEcEEvT_S4_
FNDA:9,_ZSt8_DestroyIPSt4pairIiiEEvT_S3_
FNDA:3,_ZSt8_DestroyIPSt4pairIS0_IiiEcES2_EvT_S4_RSaIT0_E
FNDA:9,_ZSt8_DestroyIPSt4pairIiiES1_EvT_S3_RSaIT0_E
FNF:8
FNH:7
DA:74,15
DA:75,15
DA:117,12
DA:127,12
DA:137,12
DA:138,12
DA:203,12
DA:206,12
DA:207,12
LF:9
LH:9
end_of_record
SF:/usr/include/c++/7/bits/stl_iterator.h
FN:782,_ZN9__gnu_cxx17__normal_iteratorIPSt4pairIiiESt6vectorIS2_SaIS2_EEEC2ERKS3_
FN:782,_ZN9__gnu_cxx17__normal_iteratorIPSt4pairIS1_IiiEcESt6vectorIS3_SaIS3_EEEC2ERKS4_
FN:795,_ZNK9__gnu_cxx17__normal_iteratorIPSt4pairIS1_IiiEcESt6vectorIS3_SaIS3_EEEdeEv
FN:795,_ZNK9__gnu_cxx17__normal_iteratorIPSt4pairIiiESt6vectorIS2_SaIS2_EEEdeEv
FN:843,_ZNK9__gnu_cxx17__normal_iteratorIPSt4pairIiiESt6vectorIS2_SaIS2_EEEmiEl
FN:843,_ZNK9__gnu_cxx17__normal_iteratorIPSt4pairIS1_IiiEcESt6vectorIS3_SaIS3_EEEmiEl
FN:847,_ZNK9__gnu_cxx17__normal_iteratorIPSt4pairIiiESt6vectorIS2_SaIS2_EEE4baseEv
FN:847,_ZNK9__gnu_cxx17__normal_iteratorIPSt4pairIS1_IiiEcESt6vectorIS3_SaIS3_EEE4baseEv
FN:965,_ZN9__gnu_cxxmiIPSt4pairIiiESt6vectorIS2_SaIS2_EEEENS_17__normal_iteratorIT_T0_E15difference_typeERKSA_SD_
FN:965,_ZN9__gnu_cxxmiIPSt4pairIS1_IiiEcESt6vectorIS3_SaIS3_EEEENS_17__normal_iteratorIT_T0_E15difference_typeERKSB_SE_
FN:1039,_ZNSt13move_iteratorIPSt4pairIiiEEC2ES2_
FN:1039,_ZNSt13move_iteratorIPSt4pairIS0_IiiEcEEC2ES3_
FN:1048,_ZNKSt13move_iteratorIPSt4pairIS0_IiiEcEE4baseEv
FN:1048,_ZNKSt13move_iteratorIPSt4pairIiiEE4baseEv
FN:1052,_ZNKSt13move_iteratorIPSt4pairIS0_IiiEcEEdeEv
FN:1052,_ZNKSt13move_iteratorIPSt4pairIiiEEdeEv
FN:1060,_ZNSt13move_iteratorIPSt4pairIiiEEppEv
FN:1060,_ZNSt13move_iteratorIPSt4pairIS0_IiiEcEEppEv
FN:1127,_ZSteqIPSt4pairIiiEEbRKSt13move_iteratorIT_ES7_
FN:1127,_ZSteqIPSt4pairIS0_IiiEcEEbRKSt13move_iteratorIT_ES8_
FN:1139,_ZStneIPSt4pairIiiEEbRKSt13move_iteratorIT_ES7_
FN:1139,_ZStneIPSt4pairIS0_IiiEcEEbRKSt13move_iteratorIT_ES8_
FN:1224,_ZSt32__make_move_if_noexcept_iteratorISt4pairIS0_IiiEcESt13move_iteratorIPS2_EET0_PT_
FN:1224,_ZSt32__make_move_if_noexcept_iteratorISt4pairIiiESt13move_iteratorIPS1_EET0_PT_
FNDA:0,_ZN9__gnu_cxx17__normal_iteratorIPSt4pairIS1_IiiEcESt6vectorIS3_SaIS3_EEEC2ERKS4_
FNDA:12,_ZN9__gnu_cxx17__normal_iteratorIPSt4pairIiiESt6vectorIS2_SaIS2_EEEC2ERKS3_
FNDA:0,_ZNK9__gnu_cxx17__normal_iteratorIPSt4pairIS1_IiiEcESt6vectorIS3_SaIS3_EEEdeEv
FNDA:0,_ZNK9__gnu_cxx17__normal_iteratorIPSt4pairIiiESt6vectorIS2_SaIS2_EEEdeEv
FNDA:0,_ZNK9__gnu_cxx17__normal_iteratorIPSt4pairIS1_IiiEcESt6vectorIS3_SaIS3_EEEmiEl
FNDA:0,_ZNK9__gnu_cxx17__normal_iteratorIPSt4pairIiiESt6vectorIS2_SaIS2_EEEmiEl
FNDA:0,_ZNK9__gnu_cxx17__normal_iteratorIPSt4pairIS1_IiiEcESt6vectorIS3_SaIS3_EEE4baseEv
FNDA:24,_ZNK9__gnu_cxx17__normal_iteratorIPSt4pairIiiESt6vectorIS2_SaIS2_EEE4baseEv
FNDA:0,_ZN9__gnu_cxxmiIPSt4pairIS1_IiiEcESt6vectorIS3_SaIS3_EEEENS_17__normal_iteratorIT_T0_E15difference_typeERKSB_SE_
FNDA:6,_ZN9__gnu_cxxmiIPSt4pairIiiESt6vectorIS2_SaIS2_EEEENS_17__normal_iteratorIT_T0_E15difference_typeERKSA_SD_
FNDA:0,_ZNSt13move_iteratorIPSt4pairIS0_IiiEcEEC2ES3_
FNDA:24,_ZNSt13move_iteratorIPSt4pairIiiEEC2ES2_
FNDA:0,_ZNKSt13move_iteratorIPSt4pairIS0_IiiEcEE4baseEv
FNDA:54,_ZNKSt13move_iteratorIPSt4pairIiiEE4baseEv
FNDA:0,_ZNKSt13move_iteratorIPSt4pairIS0_IiiEcEEdeEv
FNDA:15,_ZNKSt13move_iteratorIPSt4pairIiiEEdeEv
FNDA:0,_ZNSt13move_iteratorIPSt4pairIS0_IiiEcEEppEv
FNDA:15,_ZNSt13move_iteratorIPSt4pairIiiEEppEv
FNDA:0,_ZSteqIPSt4pairIS0_IiiEcEEbRKSt13move_iteratorIT_ES8_
FNDA:27,_ZSteqIPSt4pairIiiEEbRKSt13move_iteratorIT_ES7_
FNDA:0,_ZStneIPSt4pairIS0_IiiEcEEbRKSt13move_iteratorIT_ES8_
FNDA:27,_ZStneIPSt4pairIiiEEbRKSt13move_iteratorIT_ES7_
FNDA:0,_ZSt32__make_move_if_noexcept_iteratorISt4pairIS0_IiiEcESt13move_iteratorIPS2_EET0_PT_
FNDA:24,_ZSt32__make_move_if_noexcept_iteratorISt4pairIiiESt13move_iteratorIPS1_EET0_PT_
FNF:24
FNH:10
DA:782,12
DA:783,12
DA:795,0
DA:796,0
DA:843,0
DA:844,0
DA:847,24
DA:848,24
DA:965,6
DA:968,6
DA:1039,24
DA:1040,24
DA:1048,54
DA:1049,54
DA:1052,15
DA:1053,15
DA:1060,15
DA:1062,15
DA:1063,15
DA:1127,27
DA:1129,27
DA:1139,27
DA:1141,27
DA:1224,24
DA:1225,24
LF:25
LH:21
end_of_record
SF:/usr/include/c++/7/bits/stl_pair.h
FN:341,_ZNSt4pairIiiEC1IRiS2_Lb1EEEOT_OT0_
FN:341,_ZNSt4pairIS_IiiEcEC1IRS0_RcLb1EEEOT_OT0_
FNDA:0,_ZNSt4pairIS_IiiEcEC1IRS0_RcLb1EEEOT_OT0_
FNDA:10,_ZNSt4pairIiiEC1IRiS2_Lb1EEEOT_OT0_
FNF:2
FNH:1
DA:341,10
DA:342,10
LF:2
LH:2
end_of_record
SF:/usr/include/c++/7/bits/stl_uninitialized.h
FN:76,_ZNSt20__uninitialized_copyILb0EE13__uninit_copyISt13move_iteratorIPSt4pairIiiEES5_EET0_T_S8_S7_
FN:76,_ZNSt20__uninitialized_copyILb0EE13__uninit_copyISt13move_iteratorIPSt4pairIS3_IiiEcEES6_EET0_T_S9_S8_
FN:115,_ZSt18uninitialized_copyISt13move_iteratorIPSt4pairIiiEES3_ET0_T_S6_S5_
FN:115,_ZSt18uninitialized_copyISt13move_iteratorIPSt4pairIS1_IiiEcEES4_ET0_T_S7_S6_
FN:287,_ZSt22__uninitialized_copy_aISt13move_iteratorIPSt4pairIS1_IiiEcEES4_S3_ET0_T_S7_S6_RSaIT1_E
FN:287,_ZSt22__uninitialized_copy_aISt13move_iteratorIPSt4pairIiiEES3_S2_ET0_T_S6_S5_RSaIT1_E
FN:305,_ZSt34__uninitialized_move_if_noexcept_aIPSt4pairIiiES2_SaIS1_EET0_T_S5_S4_RT1_
FN:305,_ZSt34__uninitialized_move_if_noexcept_aIPSt4pairIS0_IiiEcES3_SaIS2_EET0_T_S6_S5_RT1_
FNDA:0,_ZNSt20__uninitialized_copyILb0EE13__uninit_copyISt13move_iteratorIPSt4pairIS3_IiiEcEES6_EET0_T_S9_S8_
FNDA:12,_ZNSt20__uninitialized_copyILb0EE13__uninit_copyISt13move_iteratorIPSt4pairIiiEES5_EET0_T_S8_S7_
FNDA:0,_ZSt18uninitialized_copyISt13move_iteratorIPSt4pairIS1_IiiEcEES4_ET0_T_S7_S6_
FNDA:12,_ZSt18uninitialized_copyISt13move_iteratorIPSt4pairIiiEES3_ET0_T_S6_S5_
FNDA:0,_ZSt22__uninitialized_copy_aISt13move_iteratorIPSt4pairIS1_IiiEcEES4_S3_ET0_T_S7_S6_RSaIT1_E
FNDA:12,_ZSt22__uninitialized_copy_aISt13move_iteratorIPSt4pairIiiEES3_S2_ET0_T_S6_S5_RSaIT1_E
FNDA:0,_ZSt34__uninitialized_move_if_noexcept_aIPSt4pairIS0_IiiEcES3_SaIS2_EET0_T_S6_S5_RT1_
FNDA:12,_ZSt34__uninitialized_move_if_noexcept_aIPSt4pairIiiES2_SaIS1_EET0_T_S5_S4_RT1_
FNF:8
FNH:4
DA:76,12
DA:79,12
DA:82,42
DA:83,15
DA:84,12
DA:86,0
DA:88,0
DA:89,0
DA:115,12
DA:128,12
DA:134,12
DA:287,12
DA:289,12
DA:305,12
DA:311,12
DA:312,12
LF:16
LH:13
end_of_record
SF:/usr/include/c++/7/bits/stl_vector.h
FN:81,_ZNSt12_Vector_baseISt4pairIS0_IiiEcESaIS2_EE12_Vector_implD2Ev
FN:81,_ZNSt12_Vector_baseISt4pairIiiESaIS1_EE12_Vector_implD2Ev
FN:88,_ZNSt12_Vector_baseISt4pairIiiESaIS1_EE12_Vector_implC2Ev
FN:88,_ZNSt12_Vector_baseISt4pairIS0_IiiEcESaIS2_EE12_Vector_implC2Ev
FN:115,_ZNSt12_Vector_baseISt4pairIiiESaIS1_EE19_M_get_Tp_allocatorEv
FN:115,_ZNSt12_Vector_baseISt4pairIS0_IiiEcESaIS2_EE19_M_get_Tp_allocatorEv
FN:119,_ZNKSt12_Vector_baseISt4pairIS0_IiiEcESaIS2_EE19_M_get_Tp_allocatorEv
FN:119,_ZNKSt12_Vector_baseISt4pairIiiESaIS1_EE19_M_get_Tp_allocatorEv
FN:126,_ZNSt12_Vector_baseISt4pairIiiESaIS1_EEC2Ev
FN:126,_ZNSt12_Vector_baseISt4pairIS0_IiiEcESaIS2_EEC2Ev
FN:161,_ZNSt12_Vector_baseISt4pairIiiESaIS1_EED2Ev
FN:161,_ZNSt12_Vector_baseISt4pairIS0_IiiEcESaIS2_EED2Ev
FN:169,_ZNSt12_Vector_baseISt4pairIS0_IiiEcESaIS2_EE11_M_allocateEm
FN:169,_ZNSt12_Vector_baseISt4pairIiiESaIS1_EE11_M_allocateEm
FN:176,_ZNSt12_Vector_baseISt4pairIS0_IiiEcESaIS2_EE13_M_deallocateEPS2_m
FN:176,_ZNSt12_Vector_baseISt4pairIiiESaIS1_EE13_M_deallocateEPS1_m
FN:259,_ZNSt6vectorISt4pairIiiESaIS1_EEC2Ev
FN:259,_ZNSt6vectorISt4pairIS0_IiiEcESaIS2_EEC2Ev
FN:433,_ZNSt6vectorISt4pairIiiESaIS1_EED2Ev
FN:433,_ZNSt6vectorISt4pairIS0_IiiEcESaIS2_EED2Ev
FN:563,_ZNSt6vectorISt4pairIiiESaIS1_EE5beginEv
FN:563,_ZNSt6vectorISt4pairIS0_IiiEcESaIS2_EE5beginEv
FN:581,_ZNSt6vectorISt4pairIS0_IiiEcESaIS2_EE3endEv
FN:581,_ZNSt6vectorISt4pairIiiESaIS1_EE3endEv
FN:670,_ZNKSt6vectorISt4pairIiiESaIS1_EE4sizeEv
FN:670,_ZNKSt6vectorISt4pairIS0_IiiEcESaIS2_EE4sizeEv
FN:675,_ZNKSt6vectorISt4pairIS0_IiiEcESaIS2_EE8max_sizeEv
FN:675,_ZNKSt6vectorISt4pairIiiESaIS1_EE8max_sizeEv
FN:795,_ZNSt6vectorISt4pairIiiESaIS1_EEixEm
FN:895,_ZNSt6vectorISt4pairIiiESaIS1_EE4backEv
FN:895,_ZNSt6vectorISt4pairIS0_IiiEcESaIS2_EE4backEv
FN:939,_ZNSt6vectorISt4pairIiiESaIS1_EE9push_backERKS1_
FN:953,_ZNSt6vectorISt4pairIS0_IiiEcESaIS2_EE9push_backEOS2_
FN:953,_ZNSt6vectorISt4pairIiiESaIS1_EE9push_backEOS1_
FN:975,_ZNSt6vectorISt4pairIS0_IiiEcESaIS2_EE8pop_backEv
FN:975,_ZNSt6vectorISt4pairIiiESaIS1_EE8pop_backEv
FN:1247,_ZNSt6vectorISt4pairIS0_IiiEcESaIS2_EE5clearEv
FN:1502,_ZNKSt6vectorISt4pairIS0_IiiEcESaIS2_EE12_M_check_lenEmPKc
FN:1502,_ZNKSt6vectorISt4pairIiiESaIS1_EE12_M_check_lenEmPKc
FN:1516,_ZNSt6vectorISt4pairIS0_IiiEcESaIS2_EE15_M_erase_at_endEPS2_
FNDA:2,_ZNSt12_Vector_baseISt4pairIS0_IiiEcESaIS2_EE12_Vector_implD2Ev
FNDA:3,_ZNSt12_Vector_baseISt4pairIiiESaIS1_EE12_Vector_implD2Ev
FNDA:2,_ZNSt12_Vector_baseISt4pairIS0_IiiEcESaIS2_EE12_Vector_implC2Ev
FNDA:3,_ZNSt12_Vector_baseISt4pairIiiESaIS1_EE12_Vector_implC2Ev
FNDA:3,_ZNSt12_Vector_baseISt4pairIS0_IiiEcESaIS2_EE19_M_get_Tp_allocatorEv
FNDA:21,_ZNSt12_Vector_baseISt4pairIiiESaIS1_EE19_M_get_Tp_allocatorEv
FNDA:0,_ZNKSt12_Vector_baseISt4pairIS0_IiiEcESaIS2_EE19_M_get_Tp_allocatorEv
FNDA:12,_ZNKSt12_Vector_baseISt4pairIiiESaIS1_EE19_M_get_Tp_allocatorEv
FNDA:2,_ZNSt12_Vector_baseISt4pairIS0_IiiEcESaIS2_EEC2Ev
FNDA:3,_ZNSt12_Vector_baseISt4pairIiiESaIS1_EEC2Ev
FNDA:2,_ZNSt12_Vector_baseISt4pairIS0_IiiEcESaIS2_EED2Ev
FNDA:3,_ZNSt12_Vector_baseISt4pairIiiESaIS1_EED2Ev
FNDA:0,_ZNSt12_Vector_baseISt4pairIS0_IiiEcESaIS2_EE11_M_allocateEm
FNDA:6,_ZNSt12_Vector_baseISt4pairIiiESaIS1_EE11_M_allocateEm
FNDA:2,_ZNSt12_Vector_baseISt4pairIS0_IiiEcESaIS2_EE13_M_deallocateEPS2_m
FNDA:9,_ZNSt12_Vector_baseISt4pairIiiESaIS1_EE13_M_deallocateEPS1_m
FNDA:2,_ZNSt6vectorISt4pairIS0_IiiEcESaIS2_EEC2Ev
FNDA:3,_ZNSt6vectorISt4pairIiiESaIS1_EEC2Ev
FNDA:2,_ZNSt6vectorISt4pairIS0_IiiEcESaIS2_EED2Ev
FNDA:3,_ZNSt6vectorISt4pairIiiESaIS1_EED2Ev
FNDA:0,_ZNSt6vectorISt4pairIS0_IiiEcESaIS2_EE5beginEv
FNDA:6,_ZNSt6vectorISt4pairIiiESaIS1_EE5beginEv
FNDA:0,_ZNSt6vectorISt4pairIS0_IiiEcESaIS2_EE3endEv
FNDA:6,_ZNSt6vectorISt4pairIiiESaIS1_EE3endEv
FNDA:0,_ZNKSt6vectorISt4pairIS0_IiiEcESaIS2_EE4sizeEv
FNDA:25,_ZNKSt6vectorISt4pairIiiESaIS1_EE4sizeEv
FNDA:0,_ZNKSt6vectorISt4pairIS0_IiiEcESaIS2_EE8max_sizeEv
FNDA:12,_ZNKSt6vectorISt4pairIiiESaIS1_EE8max_sizeEv
FNDA:4,_ZNSt6vectorISt4pairIiiESaIS1_EEixEm
FNDA:0,_ZNSt6vectorISt4pairIS0_IiiEcESaIS2_EE4backEv
FNDA:0,_ZNSt6vectorISt4pairIiiESaIS1_EE4backEv
FNDA:0,_ZNSt6vectorISt4pairIiiESaIS1_EE9push_backERKS1_
FNDA:0,_ZNSt6vectorISt4pairIS0_IiiEcESaIS2_EE9push_backEOS2_
FNDA:10,_ZNSt6vectorISt4pairIiiESaIS1_EE9push_backEOS1_
FNDA:0,_ZNSt6vectorISt4pairIS0_IiiEcESaIS2_EE8pop_backEv
FNDA:0,_ZNSt6vectorISt4pairIiiESaIS1_EE8pop_backEv
FNDA:1,_ZNSt6vectorISt4pairIS0_IiiEcESaIS2_EE5clearEv
FNDA:0,_ZNKSt6vectorISt4pairIS0_IiiEcESaIS2_EE12_M_check_lenEmPKc
FNDA:6,_ZNKSt6vectorISt4pairIiiESaIS1_EE12_M_check_lenEmPKc
FNDA:1,_ZNSt6vectorISt4pairIS0_IiiEcESaIS2_EE15_M_erase_at_endEPS2_
FNF:40
FNH:27
DA:81,5
DA:88,5
DA:89,5
DA:90,5
DA:115,24
DA:116,24
DA:119,12
DA:120,12
DA:126,5
DA:127,5
DA:161,5
DA:162,10
DA:163,10
DA:169,6
DA:172,6
DA:176,11
DA:179,11
DA:180,6
DA:181,11
DA:259,5
DA:263,5
DA:433,5
DA:434,5
DA:435,10
DA:563,6
DA:564,6
DA:581,6
DA:582,6
DA:670,25
DA:671,25
DA:675,12
DA:676,12
DA:795,4
DA:798,4
DA:895,0
DA:898,0
DA:939,0
DA:941,0
DA:943,0
DA:945,0
DA:948,0
DA:949,0
DA:953,10
DA:954,10
DA:975,0
DA:978,0
DA:979,0
DA:980,0
DA:1247,1
DA:1248,1
DA:1502,6
DA:1504,6
DA:1505,0
DA:1507,6
DA:1508,6
DA:1516,1
DA:1518,1
DA:1519,1
DA:1520,1
LF:59
LH:46
end_of_record
SF:/usr/include/c++/7/bits/unique_ptr.h
FN:72,_ZNKSt14default_deleteINSt7__cxx1118basic_stringstreamIcSt11char_traitsIcESaIcEEEEclEPS5_
FN:72,_ZNKSt14default_deleteINSt7__cxx1112basic_stringIcSt11char_traitsIcESaIcEEEEclEPS5_
FN:139,_ZNSt15__uniq_ptr_implINSt7__cxx1112basic_stringIcSt11char_traitsIcESaIcEEESt14default_deleteIS5_EEC2Ev
FN:146,_ZNSt15__uniq_ptr_implINSt7__cxx1118basic_stringstreamIcSt11char_traitsIcESaIcEEESt14default_deleteIS5_EE6_M_ptrEv
FN:146,_ZNSt15__uniq_ptr_implINSt7__cxx1112basic_stringIcSt11char_traitsIcESaIcEEESt14default_deleteIS5_EE6_M_ptrEv
FN:147,_ZNKSt15__uniq_ptr_implINSt7__cxx1112basic_stringIcSt11char_traitsIcESaIcEEESt14default_deleteIS5_EE6_M_ptrEv
FN:148,_ZNSt15__uniq_ptr_implINSt7__cxx1112basic_stringIcSt11char_traitsIcESaIcEEESt14default_deleteIS5_EE10_M_deleterEv
FN:148,_ZNSt15__uniq_ptr_implINSt7__cxx1118basic_stringstreamIcSt11char_traitsIcESaIcEEESt14default_deleteIS5_EE10_M_deleterEv
FN:188,_ZNSt10unique_ptrINSt7__cxx1112basic_stringIcSt11char_traitsIcESaIcEEESt14default_deleteIS5_EEC2IS7_vEEv
FN:264,_ZNSt10unique_ptrINSt7__cxx1118basic_stringstreamIcSt11char_traitsIcESaIcEEESt14default_deleteIS5_EED2Ev
FN:264,_ZNSt10unique_ptrINSt7__cxx1112basic_stringIcSt11char_traitsIcESaIcEEESt14default_deleteIS5_EED2Ev
FN:328,_ZNKSt10unique_ptrINSt7__cxx1112basic_stringIcSt11char_traitsIcESaIcEEESt14default_deleteIS5_EEptEv
FN:336,_ZNKSt10unique_ptrINSt7__cxx1112basic_stringIcSt11char_traitsIcESaIcEEESt14default_deleteIS5_EE3getEv
FN:341,_ZNSt10unique_ptrINSt7__cxx1118basic_stringstreamIcSt11char_traitsIcESaIcEEESt14default_deleteIS5_EE11get_deleterEv
FN:341,_ZNSt10unique_ptrINSt7__cxx1112basic_stringIcSt11char_traitsIcESaIcEEESt14default_deleteIS5_EE11get_deleterEv
FNDA:0,_ZNKSt14default_deleteINSt7__cxx1112basic_stringIcSt11char_traitsIcESaIcEEEEclEPS5_
FNDA:69,_ZNKSt14default_deleteINSt7__cxx1118basic_stringstreamIcSt11char_traitsIcESaIcEEEEclEPS5_
FNDA:5,_ZNSt15__uniq_ptr_implINSt7__cxx1112basic_stringIcSt11char_traitsIcESaIcEEESt14default_deleteIS5_EEC2Ev
FNDA:5,_ZNSt15__uniq_ptr_implINSt7__cxx1112basic_stringIcSt11char_traitsIcESaIcEEESt14default_deleteIS5_EE6_M_ptrEv
FNDA:138,_ZNSt15__uniq_ptr_implINSt7__cxx1118basic_stringstreamIcSt11char_traitsIcESaIcEEESt14default_deleteIS5_EE6_M_ptrEv
FNDA:1,_ZNKSt15__uniq_ptr_implINSt7__cxx1112basic_stringIcSt11char_traitsIcESaIcEEESt14default_deleteIS5_EE6_M_ptrEv
FNDA:0,_ZNSt15__uniq_ptr_implINSt7__cxx1112basic_stringIcSt11char_traitsIcESaIcEEESt14default_deleteIS5_EE10_M_deleterEv
FNDA:69,_ZNSt15__uniq_ptr_implINSt7__cxx1118basic_stringstreamIcSt11char_traitsIcESaIcEEESt14default_deleteIS5_EE10_M_deleterEv
FNDA:5,_ZNSt10unique_ptrINSt7__cxx1112basic_stringIcSt11char_traitsIcESaIcEEESt14default_deleteIS5_EEC2IS7_vEEv
FNDA:5,_ZNSt10unique_ptrINSt7__cxx1112basic_stringIcSt11char_traitsIcESaIcEEESt14default_deleteIS5_EED2Ev
FNDA:69,_ZNSt10unique_ptrINSt7__cxx1118basic_stringstreamIcSt11char_traitsIcESaIcEEESt14default_deleteIS5_EED2Ev
FNDA:0,_ZNKSt10unique_ptrINSt7__cxx1112basic_stringIcSt11char_traitsIcESaIcEEESt14default_deleteIS5_EEptEv
FNDA:1,_ZNKSt10unique_ptrINSt7__cxx1112basic_stringIcSt11char_traitsIcESaIcEEESt14default_deleteIS5_EE3getEv
FNDA:0,_ZNSt10unique_ptrINSt7__cxx1112basic_stringIcSt11char_traitsIcESaIcEEESt14default_deleteIS5_EE11get_deleterEv
FNDA:69,_ZNSt10unique_ptrINSt7__cxx1118basic_stringstreamIcSt11char_traitsIcESaIcEEESt14default_deleteIS5_EE11get_deleterEv
FNF:15
FNH:11
DA:72,69
DA:78,69
DA:79,69
DA:139,5
DA:146,143
DA:147,1
DA:148,69
DA:188,5
DA:189,5
DA:190,5
DA:264,74
DA:266,74
DA:267,74
DA:268,69
DA:269,74
DA:270,74
DA:328,0
DA:331,0
DA:336,1
DA:337,1
DA:341,69
DA:342,69
LF:22
LH:20
end_of_record
SF:/usr/include/c++/7/bits/vector.tcc
FN:95,_ZNSt6vectorISt4pairIS0_IiiEcESaIS2_EE12emplace_backIJS2_EEEvDpOT_
FN:95,_ZNSt6vectorISt4pairIiiESaIS1_EE12emplace_backIJS1_EEEvDpOT_
FN:394,_ZNSt6vectorISt4pairIS0_IiiEcESaIS2_EE17_M_realloc_insertIJS2_EEEvN9__gnu_cxx17__normal_iteratorIPS2_S4_EEDpOT_
FN:394,_ZNSt6vectorISt4pairIiiESaIS1_EE17_M_realloc_insertIJRKS1_EEEvN9__gnu_cxx17__normal_iteratorIPS1_S3_EEDpOT_
FN:394,_ZNSt6vectorISt4pairIiiESaIS1_EE17_M_realloc_insertIJS1_EEEvN9__gnu_cxx17__normal_iteratorIPS1_S3_EEDpOT_
FNDA:0,_ZNSt6vectorISt4pairIS0_IiiEcESaIS2_EE12emplace_backIJS2_EEEvDpOT_
FNDA:10,_ZNSt6vectorISt4pairIiiESaIS1_EE12emplace_backIJS1_EEEvDpOT_
FNDA:0,_ZNSt6vectorISt4pairIS0_IiiEcESaIS2_EE17_M_realloc_insertIJS2_EEEvN9__gnu_cxx17__normal_iteratorIPS2_S4_EEDpOT_
FNDA:6,_ZNSt6vectorISt4pairIiiESaIS1_EE17_M_realloc_insertIJS1_EEEvN9__gnu_cxx17__normal_iteratorIPS1_S3_EEDpOT_
FNDA:0,_ZNSt6vectorISt4pairIiiESaIS1_EE17_M_realloc_insertIJRKS1_EEEvN9__gnu_cxx17__normal_iteratorIPS1_S3_EEDpOT_
FNF:5
FNH:2
DA:95,10
DA:98,10
DA:100,4
DA:102,4
DA:105,6
DA:109,10
DA:394,6
DA:403,6
DA:405,6
DA:406,6
DA:407,6
DA:415,12
DA:416,6
DA:422,6
DA:424,6
DA:426,6
DA:427,6
DA:429,6
DA:431,6
DA:433,6
DA:434,6
DA:436,0
DA:438,0
DA:439,0
DA:440,0
DA:442,0
DA:443,0
DA:444,0
DA:446,6
DA:447,6
DA:448,12
DA:449,6
DA:450,6
DA:451,6
DA:452,6
DA:453,6
DA:454,6
LF:37
LH:30
end_of_record
SF:/usr/include/c++/7/ext/new_allocator.h
FN:79,_ZN9__gnu_cxx13new_allocatorISt4pairIS1_IiiEcEEC2Ev
FN:79,_ZN9__gnu_cxx13new_allocatorISt4pairIiiEEC2Ev
FN:86,_ZN9__gnu_cxx13new_allocatorISt4pairIiiEED2Ev
FN:86,_ZN9__gnu_cxx13new_allocatorISt4pairIS1_IiiEcEED2Ev
FN:99,_ZN9__gnu_cxx13new_allocatorISt4pairIS1_IiiEcEE8allocateEmPKv
FN:99,_ZN9__gnu_cxx13new_allocatorISt4pairIiiEE8allocateEmPKv
FN:116,_ZN9__gnu_cxx13new_allocatorISt4pairIS1_IiiEcEE10deallocateEPS3_m
FN:116,_ZN9__gnu_cxx13new_allocatorISt4pairIiiEE10deallocateEPS2_m
FN:129,_ZNK9__gnu_cxx13new_allocatorISt4pairIS1_IiiEcEE8max_sizeEv
FN:129,_ZNK9__gnu_cxx13new_allocatorISt4pairIiiEE8max_sizeEv
FN:135,_ZN9__gnu_cxx13new_allocatorISt4pairIS1_IiiEcEE9constructIS3_JS3_EEEvPT_DpOT0_
FN:135,_ZN9__gnu_cxx13new_allocatorISt4pairIiiEE9constructIS2_JRKS2_EEEvPT_DpOT0_
FN:135,_ZN9__gnu_cxx13new_allocatorISt4pairIiiEE9constructIS2_JS2_EEEvPT_DpOT0_
FN:140,_ZN9__gnu_cxx13new_allocatorISt4pairIS1_IiiEcEE7destroyIS3_EEvPT_
FN:140,_ZN9__gnu_cxx13new_allocatorISt4pairIiiEE7destroyIS2_EEvPT_
FNDA:2,_ZN9__gnu_cxx13new_allocatorISt4pairIS1_IiiEcEEC2Ev
FNDA:3,_ZN9__gnu_cxx13new_allocatorISt4pairIiiEEC2Ev
FNDA:2,_ZN9__gnu_cxx13new_allocatorISt4pairIS1_IiiEcEED2Ev
FNDA:3,_ZN9__gnu_cxx13new_allocatorISt4pairIiiEED2Ev
FNDA:0,_ZN9__gnu_cxx13new_allocatorISt4pairIS1_IiiEcEE8allocateEmPKv
FNDA:6,_ZN9__gnu_cxx13new_allocatorISt4pairIiiEE8allocateEmPKv
FNDA:0,_ZN9__gnu_cxx13new_allocatorISt4pairIS1_IiiEcEE10deallocateEPS3_m
FNDA:6,_ZN9__gnu_cxx13new_allocatorISt4pairIiiEE10deallocateEPS2_m
FNDA:0,_ZNK9__gnu_cxx13new_allocatorISt4pairIS1_IiiEcEE8max_sizeEv
FNDA:18,_ZNK9__gnu_cxx13new_allocatorISt4pairIiiEE8max_sizeEv
FNDA:0,_ZN9__gnu_cxx13new_allocatorISt4pairIS1_IiiEcEE9constructIS3_JS3_EEEvPT_DpOT0_
FNDA:10,_ZN9__gnu_cxx13new_allocatorISt4pairIiiEE9constructIS2_JS2_EEEvPT_DpOT0_
FNDA:0,_ZN9__gnu_cxx13new_allocatorISt4pairIiiEE9constructIS2_JRKS2_EEEvPT_DpOT0_
FNDA:0,_ZN9__gnu_cxx13new_allocatorISt4pairIS1_IiiEcEE7destroyIS3_EEvPT_
FNDA:0,_ZN9__gnu_cxx13new_allocatorISt4pairIiiEE7destroyIS2_EEvPT_
FNF:15
FNH:8
DA:79,5
DA:86,5
DA:99,6
DA:101,6
DA:102,0
DA:111,6
DA:116,6
DA:125,6
DA:126,6
DA:129,18
DA:130,18
DA:135,10
DA:136,10
DA:140,0
LF:14
LH:12
end_of_record
SF:/usr/include/c++/7/iostream
DA:74,1
LF:1
LH:1
end_of_record
SF:/usr/include/c++/7/new
FN:168,_ZnwmPv
FNDA:49,_ZnwmPv
FNF:1
FNH:1
DA:168,49
DA:169,49
LF:2
LH:2
end_of_record
SF:/usr/include/c++/7/tuple
FN:76,_ZNSt10_Head_baseILm1ESt14default_deleteINSt7__cxx1112basic_stringIcSt11char_traitsIcESaIcEEEELb1EEC2Ev
FN:113,_ZNSt10_Head_baseILm1ESt14default_deleteINSt7__cxx1118basic_stringstreamIcSt11char_traitsIcESaIcEEEELb1EE7_M_headERS8_
FN:113,_ZNSt10_Head_baseILm1ESt14default_deleteINSt7__cxx1112basic_stringIcSt11char_traitsIcESaIcEEEELb1EE7_M_headERS8_
FN:122,_ZNSt10_Head_baseILm0EPNSt7__cxx1112basic_stringIcSt11char_traitsIcESaIcEEELb0EEC2Ev
FN:160,_ZNSt10_Head_baseILm0EPNSt7__cxx1118basic_stringstreamIcSt11char_traitsIcESaIcEEELb0EE7_M_headERS7_
FN:160,_ZNSt10_Head_baseILm0EPNSt7__cxx1112basic_stringIcSt11char_traitsIcESaIcEEELb0EE7_M_headERS7_
FN:163,_ZNSt10_Head_baseILm0EPNSt7__cxx1112basic_stringIcSt11char_traitsIcESaIcEEELb0EE7_M_headERKS7_
FN:195,_ZNSt11_Tuple_implILm0EJPNSt7__cxx1118basic_stringstreamIcSt11char_traitsIcESaIcEEESt14default_deleteIS5_EEE7_M_headERS9_
FN:195,_ZNSt11_Tuple_implILm0EJPNSt7__cxx1112basic_stringIcSt11char_traitsIcESaIcEEESt14default_deleteIS5_EEE7_M_headERS9_
FN:198,_ZNSt11_Tuple_implILm0EJPNSt7__cxx1112basic_stringIcSt11char_traitsIcESaIcEEESt14default_deleteIS5_EEE7_M_headERKS9_
FN:206,_ZNSt11_Tuple_implILm0EJPNSt7__cxx1112basic_stringIcSt11char_traitsIcESaIcEEESt14default_deleteIS5_EEEC2Ev
FN:351,_ZNSt11_Tuple_implILm1EJSt14default_deleteINSt7__cxx1112basic_stringIcSt11char_traitsIcESaIcEEEEEE7_M_headERS8_
FN:351,_ZNSt11_Tuple_implILm1EJSt14default_deleteINSt7__cxx1118basic_stringstreamIcSt11char_traitsIcESaIcEEEEEE7_M_headERS8_
FN:356,_ZNSt11_Tuple_implILm1EJSt14default_deleteINSt7__cxx1112basic_stringIcSt11char_traitsIcESaIcEEEEEEC2Ev
FN:919,_ZNSt5tupleIJPNSt7__cxx1112basic_stringIcSt11char_traitsIcESaIcEEESt14default_deleteIS5_EEEC2IS6_S8_Lb1EEEv
FN:1303,_ZSt12__get_helperILm1ESt14default_deleteINSt7__cxx1112basic_stringIcSt11char_traitsIcESaIcEEEEJEERT0_RSt11_Tuple_implIXT_EJS8_DpT1_EE
FN:1303,_ZSt12__get_helperILm0EPNSt7__cxx1118basic_stringstreamIcSt11char_traitsIcESaIcEEEJSt14default_deleteIS5_EEERT0_RSt11_Tuple_implIXT_EJS9_DpT1_EE
FN:1303,_ZSt12__get_helperILm0EPNSt7__cxx1112basic_stringIcSt11char_traitsIcESaIcEEEJSt14default_deleteIS5_EEERT0_RSt11_Tuple_implIXT_EJS9_DpT1_EE
FN:1303,_ZSt12__get_helperILm1ESt14default_deleteINSt7__cxx1118basic_stringstreamIcSt11char_traitsIcESaIcEEEEJEERT0_RSt11_Tuple_implIXT_EJS8_DpT1_EE
FN:1308,_ZSt12__get_helperILm0EPNSt7__cxx1112basic_stringIcSt11char_traitsIcESaIcEEEJSt14default_deleteIS5_EEERKT0_RKSt11_Tuple_implIXT_EJS9_DpT1_EE
FN:1314,_ZSt3getILm1EJPNSt7__cxx1118basic_stringstreamIcSt11char_traitsIcESaIcEEESt14default_deleteIS5_EEERNSt13tuple_elementIXT_ESt5tupleIJDpT0_EEE4typeERSD_
FN:1314,_ZSt3getILm0EJPNSt7__cxx1112basic_stringIcSt11char_traitsIcESaIcEEESt14default_deleteIS5_EEERNSt13tuple_elementIXT_ESt5tupleIJDpT0_EEE4typeERSD_
FN:1314,_ZSt3getILm1EJPNSt7__cxx1112basic_stringIcSt11char_traitsIcESaIcEEESt14default_deleteIS5_EEERNSt13tuple_elementIXT_ESt5tupleIJDpT0_EEE4typeERSD_
FN:1314,_ZSt3getILm0EJPNSt7__cxx1118basic_stringstreamIcSt11char_traitsIcESaIcEEESt14default_deleteIS5_EEERNSt13tuple_elementIXT_ESt5tupleIJDpT0_EEE4typeERSD_
FN:1320,_ZSt3getILm0EJPNSt7__cxx1112basic_stringIcSt11char_traitsIcESaIcEEESt14default_deleteIS5_EEERKNSt13tuple_elementIXT_ESt5tupleIJDpT0_EEE4typeERKSD_
FNDA:5,_ZNSt10_Head_baseILm1ESt14default_deleteINSt7__cxx1112basic_stringIcSt11char_traitsIcESaIcEEEELb1EEC2Ev
FNDA:0,_ZNSt10_Head_baseILm1ESt14default_deleteINSt7__cxx1112basic_stringIcSt11char_traitsIcESaIcEEEELb1EE7_M_headERS8_
FNDA:69,_ZNSt10_Head_baseILm1ESt14default_deleteINSt7__cxx1118basic_stringstreamIcSt11char_traitsIcESaIcEEEELb1EE7_M_headERS8_
FNDA:5,_ZNSt10_Head_baseILm0EPNSt7__cxx1112basic_stringIcSt11char_traitsIcESaIcEEELb0EEC2Ev
FNDA:5,_ZNSt10_Head_baseILm0EPNSt7__cxx1112basic_stringIcSt11char_traitsIcESaIcEEELb0EE7_M_headERS7_
FNDA:138,_ZNSt10_Head_baseILm0EPNSt7__cxx1118basic_stringstreamIcSt11char_traitsIcESaIcEEELb0EE7_M_headERS7_
FNDA:1,_ZNSt10_Head_baseILm0EPNSt7__cxx1112basic_stringIcSt11char_traitsIcESaIcEEELb0EE7_M_headERKS7_
FNDA:5,_ZNSt11_Tuple_implILm0EJPNSt7__cxx1112basic_stringIcSt11char_traitsIcESaIcEEESt14default_deleteIS5_EEE7_M_headERS9_
FNDA:138,_ZNSt11_Tuple_implILm0EJPNSt7__cxx1118basic_stringstreamIcSt11char_traitsIcESaIcEEESt14default_deleteIS5_EEE7_M_headERS9_
FNDA:1,_ZNSt11_Tuple_implILm0EJPNSt7__cxx1112basic_stringIcSt11char_traitsIcESaIcEEESt14default_deleteIS5_EEE7_M_headERKS9_
FNDA:5,_ZNSt11_Tuple_implILm0EJPNSt7__cxx1112basic_stringIcSt11char_traitsIcESaIcEEESt14default_deleteIS5_EEEC2Ev
FNDA:0,_ZNSt11_Tuple_implILm1EJSt14default_deleteINSt7__cxx1112basic_stringIcSt11char_traitsIcESaIcEEEEEE7_M_headERS8_
FNDA:69,_ZNSt11_Tuple_implILm1EJSt14default_deleteINSt7__cxx1118basic_stringstreamIcSt11char_traitsIcESaIcEEEEEE7_M_headERS8_
FNDA:5,_ZNSt11_Tuple_implILm1EJSt14default_deleteINSt7__cxx1112basic_stringIcSt11char_traitsIcESaIcEEEEEEC2Ev
FNDA:5,_ZNSt5tupleIJPNSt7__cxx1112basic_stringIcSt11char_traitsIcESaIcEEESt14default_deleteIS5_EEEC2IS6_S8_Lb1EEEv
FNDA:0,_ZSt12__get_helperILm1ESt14default_deleteINSt7__cxx1112basic_stringIcSt11char_traitsIcESaIcEEEEJEERT0_RSt11_Tuple_implIXT_EJS8_DpT1_EE
FNDA:69,_ZSt12__get_helperILm1ESt14default_deleteINSt7__cxx1118basic_stringstreamIcSt11char_traitsIcESaIcEEEEJEERT0_RSt11_Tuple_implIXT_EJS8_DpT1_EE
FNDA:5,_ZSt12__get_helperILm0EPNSt7__cxx1112basic_stringIcSt11char_traitsIcESaIcEEEJSt14default_deleteIS5_EEERT0_RSt11_Tuple_implIXT_EJS9_DpT1_EE
FNDA:138,_ZSt12__get_helperILm0EPNSt7__cxx1118basic_stringstreamIcSt11char_traitsIcESaIcEEEJSt14default_deleteIS5_EEERT0_RSt11_Tuple_implIXT_EJS9_DpT1_EE
FNDA:1,_ZSt12__get_helperILm0EPNSt7__cxx1112basic_stringIcSt11char_traitsIcESaIcEEEJSt14default_deleteIS5_EEERKT0_RKSt11_Tuple_implIXT_EJS9_DpT1_EE
FNDA:0,_ZSt3getILm1EJPNSt7__cxx1112basic_stringIcSt11char_traitsIcESaIcEEESt14default_deleteIS5_EEERNSt13tuple_elementIXT_ESt5tupleIJDpT0_EEE4typeERSD_
FNDA:69,_ZSt3getILm1EJPNSt7__cxx1118basic_stringstreamIcSt11char_traitsIcESaIcEEESt14default_deleteIS5_EEERNSt13tuple_elementIXT_ESt5tupleIJDpT0_EEE4typeERSD_
FNDA:5,_ZSt3getILm0EJPNSt7__cxx1112basic_stringIcSt11char_traitsIcESaIcEEESt14default_deleteIS5_EEERNSt13tuple_elementIXT_ESt5tupleIJDpT0_EEE4typeERSD_
FNDA:138,_ZSt3getILm0EJPNSt7__cxx1118basic_stringstreamIcSt11char_traitsIcESaIcEEESt14default_deleteIS5_EEERNSt13tuple_elementIXT_ESt5tupleIJDpT0_EEE4typeERSD_
FNDA:1,_ZSt3getILm0EJPNSt7__cxx1112basic_stringIcSt11char_traitsIcESaIcEEESt14default_deleteIS5_EEERKNSt13tuple_elementIXT_ESt5tupleIJDpT0_EEE4typeERKSD_
FNF:25
FNH:21
DA:76,5
DA:77,5
DA:113,69
DA:122,5
DA:123,5
DA:160,143
DA:163,1
DA:195,143
DA:198,1
DA:206,5
DA:207,5
DA:351,69
DA:356,5
DA:357,5
DA:919,5
DA:920,5
DA:1303,212
DA:1304,212
DA:1308,1
DA:1309,1
DA:1314,212
DA:1315,212
DA:1320,1
DA:1321,1
LF:24
LH:24
end_of_record
SF:/usr/local/include/gtest/gtest-message.h
FN:91,_ZN7testing7MessageD2Ev
FNDA:69,_ZN7testing7MessageD2Ev
FNF:1
FNH:1
DA:91,69
LF:1
LH:1
end_of_record
SF:/usr/local/include/gtest/gtest-printers.h
FN:260,_ZN16testing_internal26DefaultPrintNonContainerToIiEEvRKT_PSo
FN:311,_ZN7testing8internal19FormatForComparisonIiiE6FormatB5cxx11ERKi
FN:311,_ZN7testing8internal19FormatForComparisonIccE6FormatB5cxx11ERKc
FN:311,_ZN7testing8internal19FormatForComparisonIibE6FormatB5cxx11ERKi
FN:311,_ZN7testing8internal19FormatForComparisonIbiE6FormatB5cxx11ERKb
FN:375,_ZN7testing8internal33FormatForComparisonFailureMessageIbiEENSt7__cxx1112basic_stringIcSt11char_traitsIcESaIcEEERKT_RKT0_
FN:375,_ZN7testing8internal33FormatForComparisonFailureMessageIibEENSt7__cxx1112basic_stringIcSt11char_traitsIcESaIcEEERKT_RKT0_
FN:375,_ZN7testing8internal33FormatForComparisonFailureMessageIccEENSt7__cxx1112basic_stringIcSt11char_traitsIcESaIcEEERKT_RKT0_
FN:375,_ZN7testing8internal33FormatForComparisonFailureMessageIiiEENSt7__cxx1112basic_stringIcSt11char_traitsIcESaIcEEERKT_RKT0_
FN:464,_ZN7testing8internal14DefaultPrintToIiEEvNS0_15WrapPrinterTypeILNS0_18DefaultPrinterTypeE3EEERKT_PSo
FN:481,_ZN7testing8internal7PrintToIiEEvRKT_PSo
FN:521,_ZN7testing8internal7PrintToEcPSo
FN:529,_ZN7testing8internal7PrintToEbPSo
FN:668,_ZN7testing8internal16UniversalPrinterIbE5PrintERKbPSo
FN:668,_ZN7testing8internal16UniversalPrinterIiE5PrintERKiPSo
FN:668,_ZN7testing8internal16UniversalPrinterIcE5PrintERKcPSo
FN:794,_ZN7testing8internal21UniversalTersePrinterIbE5PrintERKbPSo
FN:794,_ZN7testing8internal21UniversalTersePrinterIiE5PrintERKiPSo
FN:794,_ZN7testing8internal21UniversalTersePrinterIcE5PrintERKcPSo
FN:863,_ZN7testing8internal14UniversalPrintIbEEvRKT_PSo
FN:863,_ZN7testing8internal14UniversalPrintIcEEvRKT_PSo
FN:863,_ZN7testing8internal14UniversalPrintIiEEvRKT_PSo
FN:913,_ZN7testing13PrintToStringIcEENSt7__cxx1112basic_stringIcSt11char_traitsIcESaIcEEERKT_
FN:913,_ZN7testing13PrintToStringIiEENSt7__cxx1112basic_stringIcSt11char_traitsIcESaIcEEERKT_
FN:913,_ZN7testing13PrintToStringIbEENSt7__cxx1112basic_stringIcSt11char_traitsIcESaIcEEERKT_
FNDA:0,_ZN16testing_internal26DefaultPrintNonContainerToIiEEvRKT_PSo
FNDA:0,_ZN7testing8internal19FormatForComparisonIccE6FormatB5cxx11ERKc
FNDA:0,_ZN7testing8internal19FormatForComparisonIiiE6FormatB5cxx11ERKi
FNDA:0,_ZN7testing8internal19FormatForComparisonIbiE6FormatB5cxx11ERKb
FNDA:0,_ZN7testing8internal19FormatForComparisonIibE6FormatB5cxx11ERKi
FNDA:0,_ZN7testing8internal33FormatForComparisonFailureMessageIccEENSt7__cxx1112basic_stringIcSt11char_traitsIcESaIcEEERKT_RKT0_
FNDA:0,_ZN7testing8internal33FormatForComparisonFailureMessageIiiEENSt7__cxx1112basic_stringIcSt11char_traitsIcESaIcEEERKT_RKT0_
FNDA:0,_ZN7testing8internal33FormatForComparisonFailureMessageIbiEENSt7__cxx1112basic_stringIcSt11char_traitsIcESaIcEEERKT_RKT0_
FNDA:0,_ZN7testing8internal33FormatForComparisonFailureMessageIibEENSt7__cxx1112basic_stringIcSt11char_traitsIcESaIcEEERKT_RKT0_
FNDA:0,_ZN7testing8internal14DefaultPrintToIiEEvNS0_15WrapPrinterTypeILNS0_18DefaultPrinterTypeE3EEERKT_PSo
FNDA:0,_ZN7testing8internal7PrintToIiEEvRKT_PSo
FNDA:0,_ZN7testing8internal7PrintToEcPSo
FNDA:0,_ZN7testing8internal7PrintToEbPSo
FNDA:0,_ZN7testing8internal16UniversalPrinterIcE5PrintERKcPSo
FNDA:0,_ZN7testing8internal16UniversalPrinterIbE5PrintERKbPSo
FNDA:0,_ZN7testing8internal16UniversalPrinterIiE5PrintERKiPSo
FNDA:0,_ZN7testing8internal21UniversalTersePrinterIcE5PrintERKcPSo
FNDA:0,_ZN7testing8internal21UniversalTersePrinterIbE5PrintERKbPSo
FNDA:0,_ZN7testing8internal21UniversalTersePrinterIiE5PrintERKiPSo
FNDA:0,_ZN7testing8internal14UniversalPrintIcEEvRKT_PSo
FNDA:0,_ZN7testing8internal14UniversalPrintIbEEvRKT_PSo
FNDA:0,_ZN7testing8internal14UniversalPrintIiEEvRKT_PSo
FNDA:0,_ZN7testing13PrintToStringIcEENSt7__cxx1112basic_stringIcSt11char_traitsIcESaIcEEERKT_
FNDA:0,_ZN7testing13PrintToStringIbEENSt7__cxx1112basic_stringIcSt11char_traitsIcESaIcEEERKT_
FNDA:0,_ZN7testing13PrintToStringIiEENSt7__cxx1112basic_stringIcSt11char_traitsIcESaIcEEERKT_
FNF:25
FNH:0
DA:260,0
DA:285,0
DA:286,0
DA:311,0
DA:312,0
DA:375,0
DA:377,0
DA:464,0
DA:466,0
DA:467,0
DA:481,0
DA:501,0
DA:512,0
DA:521,0
DA:525,0
DA:526,0
DA:529,0
DA:530,0
DA:531,0
DA:668,0
DA:677,0
DA:678,0
DA:794,0
DA:795,0
DA:796,0
DA:863,0
DA:867,0
DA:868,0
DA:913,0
DA:914,0
DA:915,0
DA:916,0
LF:32
LH:0
end_of_record
SF:/usr/local/include/gtest/gtest.h
FN:275,_ZN7testing15AssertionResultD2Ev
FN:293,_ZN7testing15AssertionResultC2IbEERKT_PNSt9enable_ifIXntsrSt14is_convertibleIS2_S0_E5valueEvE4typeE
FN:312,_ZNK7testing15AssertionResultcvbEv
FN:321,_ZNK7testing15AssertionResult7messageEv
FN:325,_ZNK7testing15AssertionResult15failure_messageEv
FN:417,_ZN7testing4Test14SetUpTestSuiteEv
FN:427,_ZN7testing4Test17TearDownTestSuiteEv
FN:431,_ZN7testing4Test16TearDownTestCaseEv
FN:432,_ZN7testing4Test13SetUpTestCaseEv
FN:513,_ZN7testing4Test5SetupEv
FN:1504,_ZN7testing8internal18CmpHelperEQFailureIiiEENS_15AssertionResultEPKcS4_RKT_RKT0_
FN:1504,_ZN7testing8internal18CmpHelperEQFailureIibEENS_15AssertionResultEPKcS4_RKT_RKT0_
FN:1504,_ZN7testing8internal18CmpHelperEQFailureIccEENS_15AssertionResultEPKcS4_RKT_RKT0_
FN:1523,_ZN7testing8internal11CmpHelperEQIiiEENS_15AssertionResultEPKcS4_RKT_RKT0_
FN:1523,_ZN7testing8internal11CmpHelperEQIibEENS_15AssertionResultEPKcS4_RKT_RKT0_
FN:1523,_ZN7testing8internal11CmpHelperEQIccEENS_15AssertionResultEPKcS4_RKT_RKT0_
FN:1551,_ZN7testing8internal8EqHelper7CompareIccLPv0EEENS_15AssertionResultEPKcS6_RKT_RKT0_
FN:1551,_ZN7testing8internal8EqHelper7CompareIibLPv0EEENS_15AssertionResultEPKcS6_RKT_RKT0_
FN:1551,_ZN7testing8internal8EqHelper7CompareIiiLPv0EEENS_15AssertionResultEPKcS6_RKT_RKT0_
FN:2471,_Z13RUN_ALL_TESTSv
FNDA:5,_ZN7testing15AssertionResultD2Ev
FNDA:5,_ZN7testing15AssertionResultC2IbEERKT_PNSt9enable_ifIXntsrSt14is_convertibleIS2_S0_E5valueEvE4typeE
FNDA:5,_ZNK7testing15AssertionResultcvbEv
FNDA:1,_ZNK7testing15AssertionResult7messageEv
FNDA:0,_ZNK7testing15AssertionResult15failure_messageEv
FNDA:0,_ZN7testing4Test14SetUpTestSuiteEv
FNDA:0,_ZN7testing4Test17TearDownTestSuiteEv
FNDA:0,_ZN7testing4Test16TearDownTestCaseEv
FNDA:0,_ZN7testing4Test13SetUpTestCaseEv
FNDA:0,_ZN7testing4Test5SetupEv
FNDA:0,_ZN7testing8internal18CmpHelperEQFailureIccEENS_15AssertionResultEPKcS4_RKT_RKT0_
FNDA:0,_ZN7testing8internal18CmpHelperEQFailureIiiEENS_15AssertionResultEPKcS4_RKT_RKT0_
FNDA:0,_ZN7testing8internal18CmpHelperEQFailureIibEENS_15AssertionResultEPKcS4_RKT_RKT0_
FNDA:1,_ZN7testing8internal11CmpHelperEQIccEENS_15AssertionResultEPKcS4_RKT_RKT0_
FNDA:2,_ZN7testing8internal11CmpHelperEQIiiEENS_15AssertionResultEPKcS4_RKT_RKT0_
FNDA:1,_ZN7testing8internal11CmpHelperEQIibEENS_15AssertionResultEPKcS4_RKT_RKT0_
FNDA:1,_ZN7testing8internal8EqHelper7CompareIccLPv0EEENS_15AssertionResultEPKcS6_RKT_RKT0_
FNDA:2,_ZN7testing8internal8EqHelper7CompareIiiLPv0EEENS_15AssertionResultEPKcS6_RKT_RKT0_
FNDA:1,_ZN7testing8internal8EqHelper7CompareIibLPv0EEENS_15AssertionResultEPKcS6_RKT_RKT0_
FNDA:1,_Z13RUN_ALL_TESTSv
FNF:20
FNH:11
DA:275,5
DA:293,5
DA:299,5
DA:312,5
DA:321,1
DA:322,1
DA:325,0
DA:417,0
DA:427,0
DA:431,0
DA:432,0
DA:513,0
DA:1504,0
DA:1511,0
DA:1523,4
DA:1527,4
DA:1528,4
DA:1531,0
DA:1551,4
DA:1554,4
DA:2471,1
DA:2472,1
LF:22
LH:13
end_of_record
SF:/usr/local/include/gtest/internal/gtest-internal.h
FN:443,_ZN7testing8internal15TestFactoryBaseD2Ev
FN:443,_ZN7testing8internal15TestFactoryBaseD0Ev
FN:450,_ZN7testing8internal15TestFactoryBaseC2Ev
FN:459,_ZN7testing8internal15TestFactoryImplI20iswinning_test1_TestED2Ev
FN:459,_ZN7testing8internal15TestFactoryImplI19makemove_test1_TestEC2Ev
FN:459,_ZN7testing8internal15TestFactoryImplI19lastmove_test1_TestED2Ev
FN:459,_ZN7testing8internal15TestFactoryImplI19makemove_test1_TestED0Ev
FN:459,_ZN7testing8internal15TestFactoryImplI16ifwon_test1_TestED2Ev
FN:459,_ZN7testing8internal15TestFactoryImplI16ifwon_test1_TestEC2Ev
FN:459,_ZN7testing8internal15TestFactoryImplI20printgrid_test1_TestED0Ev
FN:459,_ZN7testing8internal15TestFactoryImplI20iswinning_test1_TestED0Ev
FN:459,_ZN7testing8internal15TestFactoryImplI20printgrid_test1_TestEC2Ev
FN:459,_ZN7testing8internal15TestFactoryImplI20printgrid_test1_TestED2Ev
FN:459,_ZN7testing8internal15TestFactoryImplI19lastmove_test1_TestED0Ev
FN:459,_ZN7testing8internal15TestFactoryImplI16ifwon_test1_TestED0Ev
FN:459,_ZN7testing8internal15TestFactoryImplI20iswinning_test1_TestEC2Ev
FN:459,_ZN7testing8internal15TestFactoryImplI19lastmove_test1_TestEC2Ev
FN:459,_ZN7testing8internal15TestFactoryImplI19makemove_test1_TestED2Ev
FN:461,_ZN7testing8internal15TestFactoryImplI16ifwon_test1_TestE10CreateTestEv
FN:461,_ZN7testing8internal15TestFactoryImplI19lastmove_test1_TestE10CreateTestEv
FN:461,_ZN7testing8internal15TestFactoryImplI20iswinning_test1_TestE10CreateTestEv
FN:461,_ZN7testing8internal15TestFactoryImplI20printgrid_test1_TestE10CreateTestEv
FN:461,_ZN7testing8internal15TestFactoryImplI19makemove_test1_TestE10CreateTestEv
FN:481,_ZN7testing8internal12CodeLocationD2Ev
FN:482,_ZN7testing8internal12CodeLocationC2ERKNSt7__cxx1112basic_stringIcSt11char_traitsIcESaIcEEEi
FN:495,_ZN7testing8internal19GetNotDefaultOrNullEPFvvES2_
FN:510,_ZN7testing8internal16SuiteApiResolverINS_4TestEE19GetSetUpCaseOrSuiteEPKci
FN:525,_ZN7testing8internal16SuiteApiResolverINS_4TestEE22GetTearDownCaseOrSuiteEPKci
FNDA:0,_ZN7testing8internal15TestFactoryBaseD0Ev
FNDA:5,_ZN7testing8internal15TestFactoryBaseD2Ev
FNDA:5,_ZN7testing8internal15TestFactoryBaseC2Ev
FNDA:1,_ZN7testing8internal15TestFactoryImplI20iswinning_test1_TestED0Ev
FNDA:1,_ZN7testing8internal15TestFactoryImplI20iswinning_test1_TestED2Ev
FNDA:1,_ZN7testing8internal15TestFactoryImplI19makemove_test1_TestED0Ev
FNDA:1,_ZN7testing8internal15TestFactoryImplI19makemove_test1_TestED2Ev
FNDA:1,_ZN7testing8internal15TestFactoryImplI16ifwon_test1_TestED0Ev
FNDA:1,_ZN7testing8internal15TestFactoryImplI16ifwon_test1_TestED2Ev
FNDA:1,_ZN7testing8internal15TestFactoryImplI19lastmove_test1_TestED0Ev
FNDA:1,_ZN7testing8internal15TestFactoryImplI19lastmove_test1_TestED2Ev
FNDA:1,_ZN7testing8internal15TestFactoryImplI20printgrid_test1_TestED0Ev
FNDA:1,_ZN7testing8internal15TestFactoryImplI20printgrid_test1_TestED2Ev
FNDA:1,_ZN7testing8internal15TestFactoryImplI20printgrid_test1_TestEC2Ev
FNDA:1,_ZN7testing8internal15TestFactoryImplI19lastmove_test1_TestEC2Ev
FNDA:1,_ZN7testing8internal15TestFactoryImplI16ifwon_test1_TestEC2Ev
FNDA:1,_ZN7testing8internal15TestFactoryImplI19makemove_test1_TestEC2Ev
FNDA:1,_ZN7testing8internal15TestFactoryImplI20iswinning_test1_TestEC2Ev
FNDA:1,_ZN7testing8internal15TestFactoryImplI20iswinning_test1_TestE10CreateTestEv
FNDA:1,_ZN7testing8internal15TestFactoryImplI19makemove_test1_TestE10CreateTestEv
FNDA:1,_ZN7testing8internal15TestFactoryImplI16ifwon_test1_TestE10CreateTestEv
FNDA:1,_ZN7testing8internal15TestFactoryImplI19lastmove_test1_TestE10CreateTestEv
FNDA:1,_ZN7testing8internal15TestFactoryImplI20printgrid_test1_TestE10CreateTestEv
FNDA:15,_ZN7testing8internal12CodeLocationD2Ev
FNDA:5,_ZN7testing8internal12CodeLocationC2ERKNSt7__cxx1112basic_stringIcSt11char_traitsIcESaIcEEEi
FNDA:20,_ZN7testing8internal19GetNotDefaultOrNullEPFvvES2_
FNDA:5,_ZN7testing8internal16SuiteApiResolverINS_4TestEE19GetSetUpCaseOrSuiteEPKci
FNDA:5,_ZN7testing8internal16SuiteApiResolverINS_4TestEE22GetTearDownCaseOrSuiteEPKci
FNF:28
FNH:27
DA:443,5
DA:450,5
DA:459,15
DA:461,5
DA:481,15
DA:482,5
DA:483,5
DA:495,20
DA:497,20
DA:510,5
DA:512,5
DA:514,5
DA:517,5
DA:520,0
DA:522,5
DA:525,5
DA:527,5
DA:529,5
DA:532,5
DA:535,0
DA:537,5
LF:21
LH:19
end_of_record
SF:/usr/local/include/gtest/internal/gtest-port.h
FN:944,_ZN7testing8internal8GTestLog9GetStreamEv
FNDA:0,_ZN7testing8internal8GTestLog9GetStreamEv
FNF:1
FNH:0
DA:944,0
LF:1
LH:0
end_of_record
SF:/usr/include/c++/7/bits/alloc_traits.h
FN:435,_ZNSt16allocator_traitsISaISt4pairIS0_IiiEcEEE8allocateERS3_m
FN:435,_ZNSt16allocator_traitsISaISt4pairIiiEEE8allocateERS2_m
FN:461,_ZNSt16allocator_traitsISaISt4pairIS0_IiiEcEEE10deallocateERS3_PS2_m
FN:461,_ZNSt16allocator_traitsISaISt4pairIiiEEE10deallocateERS2_PS1_m
FN:474,_ZNSt16allocator_traitsISaISt4pairIiiEEE9constructIS1_JRKS1_EEEvRS2_PT_DpOT0_
FN:474,_ZNSt16allocator_traitsISaISt4pairIS0_IiiEcEEE9constructIS2_JS2_EEEvRS3_PT_DpOT0_
FN:474,_ZNSt16allocator_traitsISaISt4pairIiiEEE9constructIS1_JS1_EEEvRS2_PT_DpOT0_
FN:486,_ZNSt16allocator_traitsISaISt4pairIiiEEE7destroyIS1_EEvRS2_PT_
FN:486,_ZNSt16allocator_traitsISaISt4pairIS0_IiiEcEEE7destroyIS2_EEvRS3_PT_
FN:495,_ZNSt16allocator_traitsISaISt4pairIS0_IiiEcEEE8max_sizeERKS3_
FN:495,_ZNSt16allocator_traitsISaISt4pairIiiEEE8max_sizeERKS2_
FNDA:0,_ZNSt16allocator_traitsISaISt4pairIS0_IiiEcEEE8allocateERS3_m
FNDA:0,_ZNSt16allocator_traitsISaISt4pairIiiEEE8allocateERS2_m
FNDA:0,_ZNSt16allocator_traitsISaISt4pairIS0_IiiEcEEE10deallocateERS3_PS2_m
FNDA:0,_ZNSt16allocator_traitsISaISt4pairIiiEEE10deallocateERS2_PS1_m
FNDA:0,_ZNSt16allocator_traitsISaISt4pairIS0_IiiEcEEE9constructIS2_JS2_EEEvRS3_PT_DpOT0_
FNDA:0,_ZNSt16allocator_traitsISaISt4pairIiiEEE9constructIS1_JS1_EEEvRS2_PT_DpOT0_
FNDA:0,_ZNSt16allocator_traitsISaISt4pairIiiEEE9constructIS1_JRKS1_EEEvRS2_PT_DpOT0_
FNDA:0,_ZNSt16allocator_traitsISaISt4pairIS0_IiiEcEEE7destroyIS2_EEvRS3_PT_
FNDA:0,_ZNSt16allocator_traitsISaISt4pairIiiEEE7destroyIS1_EEvRS2_PT_
FNDA:0,_ZNSt16allocator_traitsISaISt4pairIS0_IiiEcEEE8max_sizeERKS3_
FNDA:0,_ZNSt16allocator_traitsISaISt4pairIiiEEE8max_sizeERKS2_
FNF:11
FNH:0
DA:435,0
DA:436,0
DA:461,0
DA:462,0
DA:474,0
DA:475,0
DA:486,0
DA:487,0
DA:495,0
DA:496,0
LF:10
LH:0
end_of_record
SF:/usr/include/c++/7/bits/allocator.h
FN:131,_ZNSaISt4pairIS_IiiEcEEC2Ev
FN:131,_ZNSaISt4pairIiiEEC2Ev
FN:139,_ZNSaISt4pairIS_IiiEcEED2Ev
FN:139,_ZNSaISt4pairIiiEED2Ev
FNDA:0,_ZNSaISt4pairIS_IiiEcEEC2Ev
FNDA:0,_ZNSaISt4pairIiiEEC2Ev
FNDA:0,_ZNSaISt4pairIS_IiiEcEED2Ev
FNDA:0,_ZNSaISt4pairIiiEED2Ev
FNF:4
FNH:0
DA:131,0
DA:139,0
LF:2
LH:0
end_of_record
SF:/home/jeffrey/Desktop/Software Testing & Maintenance/TicTacToe/easylevel.cpp
FN:4,_ZN9easylevelC2Ev
FN:9,_ZN9easylevel10is_winningEc
FN:40,_ZN9easylevel11random_moveEv
FN:53,_ZN9easylevel9make_moveEv
FN:63,_ZN9easylevel5inputEc
FN:87,_ZN9easylevel4undoEv
FN:98,_ZN9easylevel4redoEv
FN:108,_ZN9easylevel13push_new_doneEii
FN:115,_ZN9easylevel12do_last_moveEc
FNDA:2,_ZN9easylevelC2Ev
FNDA:3,_ZN9easylevel10is_winningEc
FNDA:1,_ZN9easylevel11random_moveEv
FNDA:1,_ZN9easylevel9make_moveEv
FNDA:0,_ZN9easylevel5inputEc
FNDA:0,_ZN9easylevel4undoEv
FNDA:0,_ZN9easylevel4redoEv
FNDA:1,_ZN9easylevel13push_new_doneEii
FNDA:0,_ZN9easylevel12do_last_moveEc
FNF:9
FNH:5
DA:4,2
DA:7,2
DA:9,3
DA:11,12
DA:12,36
DA:13,27
DA:14,0
DA:15,0
DA:16,0
DA:18,12
DA:19,36
DA:20,27
DA:21,0
DA:22,0
DA:23,0
DA:25,12
DA:26,9
DA:27,0
DA:28,0
DA:29,0
DA:31,12
DA:32,9
DA:33,0
DA:34,0
DA:35,0
DA:37,3
DA:40,1
DA:42,2
DA:43,4
DA:44,12
DA:45,9
DA:46,9
DA:47,1
DA:48,1
DA:49,1
DA:50,1
DA:51,1
DA:53,1
DA:55,1
DA:56,1
DA:58,1
DA:59,2
DA:60,0
DA:63,0
DA:67,0
DA:68,0
DA:69,0
DA:70,0
DA:71,0
DA:72,0
DA:73,0
DA:74,0
DA:75,0
DA:76,0
DA:78,0
DA:79,0
DA:80,0
DA:81,0
DA:83,0
DA:87,0
DA:89,0
DA:90,0
DA:91,0
DA:92,0
DA:93,0
DA:94,0
DA:96,0
DA:98,0
DA:100,0
DA:101,0
DA:102,0
DA:103,0
DA:104,0
DA:106,0
DA:108,1
DA:110,1
DA:111,1
DA:112,1
DA:115,0
DA:117,0
DA:118,0
DA:119,0
DA:120,0
DA:121,0
DA:122,0
LF:85
LH:34
end_of_record
SF:/home/jeffrey/Desktop/Software Testing & Maintenance/TicTacToe/easylevel.h
FN:11,_ZN9easylevelD2Ev
FNDA:2,_ZN9easylevelD2Ev
FNF:1
FNH:1
DA:11,2
LF:1
LH:1
end_of_record
SF:/home/jeffrey/Desktop/Software Testing & Maintenance/TicTacToe/getch.cpp
FN:9,_Z5getchv
FNDA:0,_Z5getchv
FNF:1
FNH:0
DA:9,0
DA:10,0
DA:11,0
DA:12,0
DA:13,0
DA:14,0
DA:15,0
DA:16,0
DA:17,0
DA:18,0
DA:19,0
DA:20,0
DA:21,0
DA:22,0
DA:23,0
DA:24,0
DA:25,0
DA:26,0
DA:27,0
DA:28,0
DA:29,0
DA:30,0
DA:31,0
DA:32,0
DA:33,0
DA:35,0
LF:26
LH:0
end_of_record
SF:/usr/local/include/gtest/internal/gtest-internal.h
FN:443,_ZN7testing8internal15TestFactoryBaseD2Ev
FN:443,_ZN7testing8internal15TestFactoryBaseD0Ev
FN:450,_ZN7testing8internal15TestFactoryBaseC2Ev
FN:459,_ZN7testing8internal15TestFactoryImplI20iswinning_test1_TestED2Ev
FN:459,_ZN7testing8internal15TestFactoryImplI19makemove_test1_TestEC2Ev
FN:459,_ZN7testing8internal15TestFactoryImplI19lastmove_test1_TestED2Ev
FN:459,_ZN7testing8internal15TestFactoryImplI19makemove_test1_TestED0Ev
FN:459,_ZN7testing8internal15TestFactoryImplI16ifwon_test1_TestED2Ev
FN:459,_ZN7testing8internal15TestFactoryImplI16ifwon_test1_TestEC2Ev
FN:459,_ZN7testing8internal15TestFactoryImplI20printgrid_test1_TestED0Ev
FN:459,_ZN7testing8internal15TestFactoryImplI20iswinning_test1_TestED0Ev
FN:459,_ZN7testing8internal15TestFactoryImplI20printgrid_test1_TestEC2Ev
FN:459,_ZN7testing8internal15TestFactoryImplI20printgrid_test1_TestED2Ev
FN:459,_ZN7testing8internal15TestFactoryImplI19lastmove_test1_TestED0Ev
FN:459,_ZN7testing8internal15TestFactoryImplI16ifwon_test1_TestED0Ev
FN:459,_ZN7testing8internal15TestFactoryImplI20iswinning_test1_TestEC2Ev
FN:459,_ZN7testing8internal15TestFactoryImplI19lastmove_test1_TestEC2Ev
FN:459,_ZN7testing8internal15TestFactoryImplI19makemove_test1_TestED2Ev
FN:461,_ZN7testing8internal15TestFactoryImplI16ifwon_test1_TestE10CreateTestEv
FN:461,_ZN7testing8internal15TestFactoryImplI19lastmove_test1_TestE10CreateTestEv
FN:461,_ZN7testing8internal15TestFactoryImplI20iswinning_test1_TestE10CreateTestEv
FN:461,_ZN7testing8internal15TestFactoryImplI20printgrid_test1_TestE10CreateTestEv
FN:461,_ZN7testing8internal15TestFactoryImplI19makemove_test1_TestE10CreateTestEv
FN:481,_ZN7testing8internal12CodeLocationD2Ev
FN:482,_ZN7testing8internal12CodeLocationC2ERKNSt7__cxx1112basic_stringIcSt11char_traitsIcESaIcEEEi
FN:495,_ZN7testing8internal19GetNotDefaultOrNullEPFvvES2_
FN:510,_ZN7testing8internal16SuiteApiResolverINS_4TestEE19GetSetUpCaseOrSuiteEPKci
FN:525,_ZN7testing8internal16SuiteApiResolverINS_4TestEE22GetTearDownCaseOrSuiteEPKci
FNDA:0,_ZN7testing8internal15TestFactoryBaseD0Ev
FNDA:0,_ZN7testing8internal15TestFactoryBaseD2Ev
FNDA:0,_ZN7testing8internal15TestFactoryBaseC2Ev
FNDA:0,_ZN7testing8internal15TestFactoryImplI20iswinning_test1_TestED0Ev
FNDA:0,_ZN7testing8internal15TestFactoryImplI20iswinning_test1_TestED2Ev
FNDA:0,_ZN7testing8internal15TestFactoryImplI19makemove_test1_TestED0Ev
FNDA:0,_ZN7testing8internal15TestFactoryImplI19makemove_test1_TestED2Ev
FNDA:0,_ZN7testing8internal15TestFactoryImplI16ifwon_test1_TestED0Ev
FNDA:0,_ZN7testing8internal15TestFactoryImplI16ifwon_test1_TestED2Ev
FNDA:0,_ZN7testing8internal15TestFactoryImplI19lastmove_test1_TestED0Ev
FNDA:0,_ZN7testing8internal15TestFactoryImplI19lastmove_test1_TestED2Ev
FNDA:0,_ZN7testing8internal15TestFactoryImplI20printgrid_test1_TestED0Ev
FNDA:0,_ZN7testing8internal15TestFactoryImplI20printgrid_test1_TestED2Ev
FNDA:0,_ZN7testing8internal15TestFactoryImplI20printgrid_test1_TestEC2Ev
FNDA:0,_ZN7testing8internal15TestFactoryImplI19lastmove_test1_TestEC2Ev
FNDA:0,_ZN7testing8internal15TestFactoryImplI16ifwon_test1_TestEC2Ev
FNDA:0,_ZN7testing8internal15TestFactoryImplI19makemove_test1_TestEC2Ev
FNDA:0,_ZN7testing8internal15TestFactoryImplI20iswinning_test1_TestEC2Ev
FNDA:0,_ZN7testing8internal15TestFactoryImplI20iswinning_test1_TestE10CreateTestEv
FNDA:0,_ZN7testing8internal15TestFactoryImplI19makemove_test1_TestE10CreateTestEv
FNDA:0,_ZN7testing8internal15TestFactoryImplI16ifwon_test1_TestE10CreateTestEv
FNDA:0,_ZN7testing8internal15TestFactoryImplI19lastmove_test1_TestE10CreateTestEv
FNDA:0,_ZN7testing8internal15TestFactoryImplI20printgrid_test1_TestE10CreateTestEv
FNDA:0,_ZN7testing8internal12CodeLocationD2Ev
FNDA:0,_ZN7testing8internal12CodeLocationC2ERKNSt7__cxx1112basic_stringIcSt11char_traitsIcESaIcEEEi
FNDA:0,_ZN7testing8internal19GetNotDefaultOrNullEPFvvES2_
FNDA:0,_ZN7testing8internal16SuiteApiResolverINS_4TestEE19GetSetUpCaseOrSuiteEPKci
FNDA:0,_ZN7testing8internal16SuiteApiResolverINS_4TestEE22GetTearDownCaseOrSuiteEPKci
FNF:28
FNH:0
DA:443,0
DA:450,0
DA:459,0
DA:461,0
DA:481,0
DA:482,0
DA:483,0
DA:495,0
DA:497,0
DA:510,0
DA:512,0
DA:514,0
DA:517,0
DA:520,0
DA:522,0
DA:525,0
DA:527,0
DA:529,0
DA:532,0
DA:535,0
DA:537,0
LF:21
LH:0
end_of_record
SF:/usr/local/include/gtest/gtest-message.h
FN:91,_ZN7testing7MessageD2Ev
FNDA:0,_ZN7testing7MessageD2Ev
FNF:1
FNH:0
DA:91,0
LF:1
LH:0
end_of_record
SF:/usr/local/include/gtest/internal/gtest-port.h
FN:944,_ZN7testing8internal8GTestLog9GetStreamEv
FNDA:0,_ZN7testing8internal8GTestLog9GetStreamEv
FNF:1
FNH:0
DA:944,0
LF:1
LH:0
end_of_record
SF:/usr/local/include/gtest/gtest-printers.h
FN:260,_ZN16testing_internal26DefaultPrintNonContainerToIiEEvRKT_PSo
FN:311,_ZN7testing8internal19FormatForComparisonIiiE6FormatB5cxx11ERKi
FN:311,_ZN7testing8internal19FormatForComparisonIccE6FormatB5cxx11ERKc
FN:311,_ZN7testing8internal19FormatForComparisonIibE6FormatB5cxx11ERKi
FN:311,_ZN7testing8internal19FormatForComparisonIbiE6FormatB5cxx11ERKb
FN:375,_ZN7testing8internal33FormatForComparisonFailureMessageIbiEENSt7__cxx1112basic_stringIcSt11char_traitsIcESaIcEEERKT_RKT0_
FN:375,_ZN7testing8internal33FormatForComparisonFailureMessageIibEENSt7__cxx1112basic_stringIcSt11char_traitsIcESaIcEEERKT_RKT0_
FN:375,_ZN7testing8internal33FormatForComparisonFailureMessageIccEENSt7__cxx1112basic_stringIcSt11char_traitsIcESaIcEEERKT_RKT0_
FN:375,_ZN7testing8internal33FormatForComparisonFailureMessageIiiEENSt7__cxx1112basic_stringIcSt11char_traitsIcESaIcEEERKT_RKT0_
FN:464,_ZN7testing8internal14DefaultPrintToIiEEvNS0_15WrapPrinterTypeILNS0_18DefaultPrinterTypeE3EEERKT_PSo
FN:481,_ZN7testing8internal7PrintToIiEEvRKT_PSo
FN:521,_ZN7testing8internal7PrintToEcPSo
FN:529,_ZN7testing8internal7PrintToEbPSo
FN:668,_ZN7testing8internal16UniversalPrinterIbE5PrintERKbPSo
FN:668,_ZN7testing8internal16UniversalPrinterIiE5PrintERKiPSo
FN:668,_ZN7testing8internal16UniversalPrinterIcE5PrintERKcPSo
FN:794,_ZN7testing8internal21UniversalTersePrinterIbE5PrintERKbPSo
FN:794,_ZN7testing8internal21UniversalTersePrinterIiE5PrintERKiPSo
FN:794,_ZN7testing8internal21UniversalTersePrinterIcE5PrintERKcPSo
FN:863,_ZN7testing8internal14UniversalPrintIbEEvRKT_PSo
FN:863,_ZN7testing8internal14UniversalPrintIcEEvRKT_PSo
FN:863,_ZN7testing8internal14UniversalPrintIiEEvRKT_PSo
FN:913,_ZN7testing13PrintToStringIcEENSt7__cxx1112basic_stringIcSt11char_traitsIcESaIcEEERKT_
FN:913,_ZN7testing13PrintToStringIiEENSt7__cxx1112basic_stringIcSt11char_traitsIcESaIcEEERKT_
FN:913,_ZN7testing13PrintToStringIbEENSt7__cxx1112basic_stringIcSt11char_traitsIcESaIcEEERKT_
FNDA:0,_ZN16testing_internal26DefaultPrintNonContainerToIiEEvRKT_PSo
FNDA:0,_ZN7testing8internal19FormatForComparisonIccE6FormatB5cxx11ERKc
FNDA:0,_ZN7testing8internal19FormatForComparisonIiiE6FormatB5cxx11ERKi
FNDA:0,_ZN7testing8internal19FormatForComparisonIbiE6FormatB5cxx11ERKb
FNDA:0,_ZN7testing8internal19FormatForComparisonIibE6FormatB5cxx11ERKi
FNDA:0,_ZN7testing8internal33FormatForComparisonFailureMessageIccEENSt7__cxx1112basic_stringIcSt11char_traitsIcESaIcEEERKT_RKT0_
FNDA:0,_ZN7testing8internal33FormatForComparisonFailureMessageIiiEENSt7__cxx1112basic_stringIcSt11char_traitsIcESaIcEEERKT_RKT0_
FNDA:0,_ZN7testing8internal33FormatForComparisonFailureMessageIbiEENSt7__cxx1112basic_stringIcSt11char_traitsIcESaIcEEERKT_RKT0_
FNDA:0,_ZN7testing8internal33FormatForComparisonFailureMessageIibEENSt7__cxx1112basic_stringIcSt11char_traitsIcESaIcEEERKT_RKT0_
FNDA:0,_ZN7testing8internal14DefaultPrintToIiEEvNS0_15WrapPrinterTypeILNS0_18DefaultPrinterTypeE3EEERKT_PSo
FNDA:0,_ZN7testing8internal7PrintToIiEEvRKT_PSo
FNDA:0,_ZN7testing8internal7PrintToEcPSo
FNDA:0,_ZN7testing8internal7PrintToEbPSo
FNDA:0,_ZN7testing8internal16UniversalPrinterIcE5PrintERKcPSo
FNDA:0,_ZN7testing8internal16UniversalPrinterIbE5PrintERKbPSo
FNDA:0,_ZN7testing8internal16UniversalPrinterIiE5PrintERKiPSo
FNDA:0,_ZN7testing8internal21UniversalTersePrinterIcE5PrintERKcPSo
FNDA:0,_ZN7testing8internal21UniversalTersePrinterIbE5PrintERKbPSo
FNDA:0,_ZN7testing8internal21UniversalTersePrinterIiE5PrintERKiPSo
FNDA:0,_ZN7testing8internal14UniversalPrintIcEEvRKT_PSo
FNDA:0,_ZN7testing8internal14UniversalPrintIbEEvRKT_PSo
FNDA:0,_ZN7testing8internal14UniversalPrintIiEEvRKT_PSo
FNDA:0,_ZN7testing13PrintToStringIcEENSt7__cxx1112basic_stringIcSt11char_traitsIcESaIcEEERKT_
FNDA:0,_ZN7testing13PrintToStringIbEENSt7__cxx1112basic_stringIcSt11char_traitsIcESaIcEEERKT_
FNDA:0,_ZN7testing13PrintToStringIiEENSt7__cxx1112basic_stringIcSt11char_traitsIcESaIcEEERKT_
FNF:25
FNH:0
DA:260,0
DA:285,0
DA:286,0
DA:311,0
DA:312,0
DA:375,0
DA:377,0
DA:464,0
DA:466,0
DA:467,0
DA:481,0
DA:501,0
DA:512,0
DA:521,0
DA:525,0
DA:526,0
DA:529,0
DA:530,0
DA:531,0
DA:668,0
DA:677,0
DA:678,0
DA:794,0
DA:795,0
DA:796,0
DA:863,0
DA:867,0
DA:868,0
DA:913,0
DA:914,0
DA:915,0
DA:916,0
LF:32
LH:0
end_of_record
SF:/home/jeffrey/Desktop/Software Testing & Maintenance/TicTacToe/gtest.cpp
FN:21,_ZN20iswinning_test1_TestD2Ev
FN:21,_ZN20iswinning_test1_TestD0Ev
FN:21,_ZN20iswinning_test1_TestC2Ev
FN:21,_ZN20iswinning_test1_Test8TestBodyEv
FN:29,_ZN19makemove_test1_TestD0Ev
FN:29,_ZN19makemove_test1_Test8TestBodyEv
FN:29,_ZN19makemove_test1_TestD2Ev
FN:29,_ZN19makemove_test1_TestC2Ev
FN:37,_ZN16ifwon_test1_TestC2Ev
FN:37,_ZN16ifwon_test1_TestD0Ev
FN:37,_ZN16ifwon_test1_TestD2Ev
FN:37,_ZN16ifwon_test1_Test8TestBodyEv
FN:47,_ZN19lastmove_test1_TestC2Ev
FN:47,_ZN19lastmove_test1_Test8TestBodyEv
FN:47,_ZN19lastmove_test1_TestD0Ev
FN:47,_ZN19lastmove_test1_TestD2Ev
FN:57,_ZN20printgrid_test1_TestD0Ev
FN:57,_ZN20printgrid_test1_Test8TestBodyEv
FN:57,_ZN20printgrid_test1_TestC2Ev
FN:57,_ZN20printgrid_test1_TestD2Ev
FN:64,main
FN:68,_Z41__static_initialization_and_destruction_0ii
FN:68,_GLOBAL__sub_I__ZN9easylevelC2Ev
FNDA:1,_ZN20iswinning_test1_TestD0Ev
FNDA:1,_ZN20iswinning_test1_TestD2Ev
FNDA:1,_ZN20iswinning_test1_Test8TestBodyEv
FNDA:1,_ZN20iswinning_test1_TestC2Ev
FNDA:1,_ZN19makemove_test1_TestD0Ev
FNDA:1,_ZN19makemove_test1_TestD2Ev
FNDA:1,_ZN19makemove_test1_Test8TestBodyEv
FNDA:1,_ZN19makemove_test1_TestC2Ev
FNDA:1,_ZN16ifwon_test1_TestD0Ev
FNDA:1,_ZN16ifwon_test1_TestD2Ev
FNDA:1,_ZN16ifwon_test1_Test8TestBodyEv
FNDA:1,_ZN16ifwon_test1_TestC2Ev
FNDA:1,_ZN19lastmove_test1_TestD0Ev
FNDA:1,_ZN19lastmove_test1_TestD2Ev
FNDA:1,_ZN19lastmove_test1_Test8TestBodyEv
FNDA:1,_ZN19lastmove_test1_TestC2Ev
FNDA:1,_ZN20printgrid_test1_TestD0Ev
FNDA:1,_ZN20printgrid_test1_TestD2Ev
FNDA:1,_ZN20printgrid_test1_Test8TestBodyEv
FNDA:1,_ZN20printgrid_test1_TestC2Ev
FNDA:1,main
FNDA:1,_GLOBAL__sub_I__ZN9easylevelC2Ev
FNDA:1,_Z41__static_initialization_and_destruction_0ii
FNF:23
FNH:23
DA:21,5
DA:23,2
DA:24,1
DA:26,1
DA:29,5
DA:31,2
DA:32,1
DA:33,1
DA:37,5
DA:40,1
DA:42,1
DA:43,1
DA:45,1
DA:47,5
DA:49,1
DA:50,1
DA:52,1
DA:54,1
DA:56,1
DA:57,5
DA:59,1
DA:60,1
DA:62,1
DA:64,1
DA:66,1
DA:67,1
DA:68,3
LF:27
LH:27
end_of_record
SF:/usr/local/include/gtest/gtest.h
FN:275,_ZN7testing15AssertionResultD2Ev
FN:293,_ZN7testing15AssertionResultC2IbEERKT_PNSt9enable_ifIXntsrSt14is_convertibleIS2_S0_E5valueEvE4typeE
FN:312,_ZNK7testing15AssertionResultcvbEv
FN:321,_ZNK7testing15AssertionResult7messageEv
FN:325,_ZNK7testing15AssertionResult15failure_messageEv
FN:417,_ZN7testing4Test14SetUpTestSuiteEv
FN:427,_ZN7testing4Test17TearDownTestSuiteEv
FN:431,_ZN7testing4Test16TearDownTestCaseEv
FN:432,_ZN7testing4Test13SetUpTestCaseEv
FN:513,_ZN7testing4Test5SetupEv
FN:1504,_ZN7testing8internal18CmpHelperEQFailureIiiEENS_15AssertionResultEPKcS4_RKT_RKT0_
FN:1504,_ZN7testing8internal18CmpHelperEQFailureIibEENS_15AssertionResultEPKcS4_RKT_RKT0_
FN:1504,_ZN7testing8internal18CmpHelperEQFailureIccEENS_15AssertionResultEPKcS4_RKT_RKT0_
FN:1523,_ZN7testing8internal11CmpHelperEQIiiEENS_15AssertionResultEPKcS4_RKT_RKT0_
FN:1523,_ZN7testing8internal11CmpHelperEQIibEENS_15AssertionResultEPKcS4_RKT_RKT0_
FN:1523,_ZN7testing8internal11CmpHelperEQIccEENS_15AssertionResultEPKcS4_RKT_RKT0_
FN:1551,_ZN7testing8internal8EqHelper7CompareIccLPv0EEENS_15AssertionResultEPKcS6_RKT_RKT0_
FN:1551,_ZN7testing8internal8EqHelper7CompareIibLPv0EEENS_15AssertionResultEPKcS6_RKT_RKT0_
FN:1551,_ZN7testing8internal8EqHelper7CompareIiiLPv0EEENS_15AssertionResultEPKcS6_RKT_RKT0_
FN:2471,_Z13RUN_ALL_TESTSv
FNDA:0,_ZN7testing15AssertionResultD2Ev
FNDA:0,_ZN7testing15AssertionResultC2IbEERKT_PNSt9enable_ifIXntsrSt14is_convertibleIS2_S0_E5valueEvE4typeE
FNDA:0,_ZNK7testing15AssertionResultcvbEv
FNDA:0,_ZNK7testing15AssertionResult7messageEv
FNDA:0,_ZNK7testing15AssertionResult15failure_messageEv
FNDA:0,_ZN7testing4Test14SetUpTestSuiteEv
FNDA:0,_ZN7testing4Test17TearDownTestSuiteEv
FNDA:0,_ZN7testing4Test16TearDownTestCaseEv
FNDA:0,_ZN7testing4Test13SetUpTestCaseEv
FNDA:0,_ZN7testing4Test5SetupEv
FNDA:0,_ZN7testing8internal18CmpHelperEQFailureIccEENS_15AssertionResultEPKcS4_RKT_RKT0_
FNDA:0,_ZN7testing8internal18CmpHelperEQFailureIiiEENS_15AssertionResultEPKcS4_RKT_RKT0_
FNDA:0,_ZN7testing8internal18CmpHelperEQFailureIibEENS_15AssertionResultEPKcS4_RKT_RKT0_
FNDA:0,_ZN7testing8internal11CmpHelperEQIccEENS_15AssertionResultEPKcS4_RKT_RKT0_
FNDA:0,_ZN7testing8internal11CmpHelperEQIiiEENS_15AssertionResultEPKcS4_RKT_RKT0_
FNDA:0,_ZN7testing8internal11CmpHelperEQIibEENS_15AssertionResultEPKcS4_RKT_RKT0_
FNDA:0,_ZN7testing8internal8EqHelper7CompareIccLPv0EEENS_15AssertionResultEPKcS6_RKT_RKT0_
FNDA:0,_ZN7testing8internal8EqHelper7CompareIiiLPv0EEENS_15AssertionResultEPKcS6_RKT_RKT0_
FNDA:0,_ZN7testing8internal8EqHelper7CompareIibLPv0EEENS_15AssertionResultEPKcS6_RKT_RKT0_
FNDA:0,_Z13RUN_ALL_TESTSv
FNF:20
FNH:0
DA:275,0
DA:293,0
DA:299,0
DA:312,0
DA:321,0
DA:322,0
DA:325,0
DA:417,0
DA:427,0
DA:431,0
DA:432,0
DA:513,0
DA:1504,0
DA:1511,0
DA:1523,0
DA:1527,0
DA:1528,0
DA:1531,0
DA:1551,0
DA:1554,0
DA:2471,0
DA:2472,0
LF:22
LH:0
end_of_record
SF:/usr/include/c++/7/bits/ios_base.h
FN:129,_ZStorSt13_Ios_OpenmodeS_
FNDA:0,_ZStorSt13_Ios_OpenmodeS_
FNF:1
FNH:0
DA:129,0
DA:130,0
LF:2
LH:0
end_of_record
SF:/usr/include/c++/7/iostream
DA:74,0
LF:1
LH:0
end_of_record
SF:/usr/include/c++/7/bits/move.h
FN:47,_ZSt11__addressofISt4pairIiiEEPT_RS2_
FN:47,_ZSt11__addressofISt4pairIS0_IiiEcEEPT_RS3_
FN:73,_ZSt7forwardISt4pairIS0_IiiEcEEOT_RNSt16remove_referenceIS3_E4typeE
FN:73,_ZSt7forwardIRiEOT_RNSt16remove_referenceIS1_E4typeE
FN:73,_ZSt7forwardIRKSt4pairIiiEEOT_RNSt16remove_referenceIS4_E4typeE
FN:73,_ZSt7forwardIRcEOT_RNSt16remove_referenceIS1_E4typeE
FN:73,_ZSt7forwardISt4pairIiiEEOT_RNSt16remove_referenceIS2_E4typeE
FN:73,_ZSt7forwardIRSt4pairIiiEEOT_RNSt16remove_referenceIS3_E4typeE
FN:98,_ZSt4moveIRSt4pairIiiEEONSt16remove_referenceIT_E4typeEOS4_
FN:98,_ZSt4moveIRSt4pairIS0_IiiEcEEONSt16remove_referenceIT_E4typeEOS5_
FNDA:0,_ZSt11__addressofISt4pairIS0_IiiEcEEPT_RS3_
FNDA:0,_ZSt11__addressofISt4pairIiiEEPT_RS2_
FNDA:0,_ZSt7forwardIRKSt4pairIiiEEOT_RNSt16remove_referenceIS4_E4typeE
FNDA:0,_ZSt7forwardISt4pairIS0_IiiEcEEOT_RNSt16remove_referenceIS3_E4typeE
FNDA:0,_ZSt7forwardISt4pairIiiEEOT_RNSt16remove_referenceIS2_E4typeE
FNDA:0,_ZSt7forwardIRcEOT_RNSt16remove_referenceIS1_E4typeE
FNDA:0,_ZSt7forwardIRSt4pairIiiEEOT_RNSt16remove_referenceIS3_E4typeE
FNDA:0,_ZSt7forwardIRiEOT_RNSt16remove_referenceIS1_E4typeE
FNDA:0,_ZSt4moveIRSt4pairIS0_IiiEcEEONSt16remove_referenceIT_E4typeEOS5_
FNDA:0,_ZSt4moveIRSt4pairIiiEEONSt16remove_referenceIT_E4typeEOS4_
FNF:10
FNH:0
DA:47,0
DA:48,0
DA:73,0
DA:74,0
DA:98,0
DA:99,0
LF:6
LH:0
end_of_record
SF:/usr/include/c++/7/new
FN:168,_ZnwmPv
FNDA:0,_ZnwmPv
FNF:1
FNH:0
DA:168,0
DA:169,0
LF:2
LH:0
end_of_record
SF:/usr/include/c++/7/ext/new_allocator.h
FN:79,_ZN9__gnu_cxx13new_allocatorISt4pairIS1_IiiEcEEC2Ev
FN:79,_ZN9__gnu_cxx13new_allocatorISt4pairIiiEEC2Ev
FN:86,_ZN9__gnu_cxx13new_allocatorISt4pairIiiEED2Ev
FN:86,_ZN9__gnu_cxx13new_allocatorISt4pairIS1_IiiEcEED2Ev
FN:99,_ZN9__gnu_cxx13new_allocatorISt4pairIS1_IiiEcEE8allocateEmPKv
FN:99,_ZN9__gnu_cxx13new_allocatorISt4pairIiiEE8allocateEmPKv
FN:116,_ZN9__gnu_cxx13new_allocatorISt4pairIS1_IiiEcEE10deallocateEPS3_m
FN:116,_ZN9__gnu_cxx13new_allocatorISt4pairIiiEE10deallocateEPS2_m
FN:129,_ZNK9__gnu_cxx13new_allocatorISt4pairIS1_IiiEcEE8max_sizeEv
FN:129,_ZNK9__gnu_cxx13new_allocatorISt4pairIiiEE8max_sizeEv
FN:135,_ZN9__gnu_cxx13new_allocatorISt4pairIS1_IiiEcEE9constructIS3_JS3_EEEvPT_DpOT0_
FN:135,_ZN9__gnu_cxx13new_allocatorISt4pairIiiEE9constructIS2_JRKS2_EEEvPT_DpOT0_
FN:135,_ZN9__gnu_cxx13new_allocatorISt4pairIiiEE9constructIS2_JS2_EEEvPT_DpOT0_
FN:140,_ZN9__gnu_cxx13new_allocatorISt4pairIS1_IiiEcEE7destroyIS3_EEvPT_
FN:140,_ZN9__gnu_cxx13new_allocatorISt4pairIiiEE7destroyIS2_EEvPT_
FNDA:0,_ZN9__gnu_cxx13new_allocatorISt4pairIS1_IiiEcEEC2Ev
FNDA:0,_ZN9__gnu_cxx13new_allocatorISt4pairIiiEEC2Ev
FNDA:0,_ZN9__gnu_cxx13new_allocatorISt4pairIS1_IiiEcEED2Ev
FNDA:0,_ZN9__gnu_cxx13new_allocatorISt4pairIiiEED2Ev
FNDA:0,_ZN9__gnu_cxx13new_allocatorISt4pairIS1_IiiEcEE8allocateEmPKv
FNDA:0,_ZN9__gnu_cxx13new_allocatorISt4pairIiiEE8allocateEmPKv
FNDA:0,_ZN9__gnu_cxx13new_allocatorISt4pairIS1_IiiEcEE10deallocateEPS3_m
FNDA:0,_ZN9__gnu_cxx13new_allocatorISt4pairIiiEE10deallocateEPS2_m
FNDA:0,_ZNK9__gnu_cxx13new_allocatorISt4pairIS1_IiiEcEE8max_sizeEv
FNDA:0,_ZNK9__gnu_cxx13new_allocatorISt4pairIiiEE8max_sizeEv
FNDA:0,_ZN9__gnu_cxx13new_allocatorISt4pairIS1_IiiEcEE9constructIS3_JS3_EEEvPT_DpOT0_
FNDA:0,_ZN9__gnu_cxx13new_allocatorISt4pairIiiEE9constructIS2_JS2_EEEvPT_DpOT0_
FNDA:0,_ZN9__gnu_cxx13new_allocatorISt4pairIiiEE9constructIS2_JRKS2_EEEvPT_DpOT0_
FNDA:0,_ZN9__gnu_cxx13new_allocatorISt4pairIS1_IiiEcEE7destroyIS3_EEvPT_
FNDA:0,_ZN9__gnu_cxx13new_allocatorISt4pairIiiEE7destroyIS2_EEvPT_
FNF:15
FNH:0
DA:79,0
DA:86,0
DA:99,0
DA:101,0
DA:102,0
DA:111,0
DA:116,0
DA:125,0
DA:126,0
DA:129,0
DA:130,0
DA:135,0
DA:136,0
DA:140,0
LF:14
LH:0
end_of_record
SF:/usr/include/c++/7/bits/stl_algobase.h
FN:219,_ZSt3maxImERKT_S2_S2_
FNDA:0,_ZSt3maxImERKT_S2_S2_
FNF:1
FNH:0
DA:219,0
DA:224,0
DA:225,0
DA:226,0
LF:4
LH:0
end_of_record
SF:/usr/include/c++/7/bits/stl_construct.h
FN:74,_ZSt10_ConstructISt4pairIiiEJS1_EEvPT_DpOT0_
FN:74,_ZSt10_ConstructISt4pairIS0_IiiEcEJS2_EEvPT_DpOT0_
FN:117,_ZNSt12_Destroy_auxILb1EE9__destroyIPSt4pairIS2_IiiEcEEEvT_S6_
FN:117,_ZNSt12_Destroy_auxILb1EE9__destroyIPSt4pairIiiEEEvT_S5_
FN:127,_ZSt8_DestroyIPSt4pairIiiEEvT_S3_
FN:127,_ZSt8_DestroyIPSt4pairIS0_IiiEcEEvT_S4_
FN:203,_ZSt8_DestroyIPSt4pairIS0_IiiEcES2_EvT_S4_RSaIT0_E
FN:203,_ZSt8_DestroyIPSt4pairIiiES1_EvT_S3_RSaIT0_E
FNDA:0,_ZSt10_ConstructISt4pairIS0_IiiEcEJS2_EEvPT_DpOT0_
FNDA:0,_ZSt10_ConstructISt4pairIiiEJS1_EEvPT_DpOT0_
FNDA:0,_ZNSt12_Destroy_auxILb1EE9__destroyIPSt4pairIS2_IiiEcEEEvT_S6_
FNDA:0,_ZNSt12_Destroy_auxILb1EE9__destroyIPSt4pairIiiEEEvT_S5_
FNDA:0,_ZSt8_DestroyIPSt4pairIS0_IiiEcEEvT_S4_
FNDA:0,_ZSt8_DestroyIPSt4pairIiiEEvT_S3_
FNDA:0,_ZSt8_DestroyIPSt4pairIS0_IiiEcES2_EvT_S4_RSaIT0_E
FNDA:0,_ZSt8_DestroyIPSt4pairIiiES1_EvT_S3_RSaIT0_E
FNF:8
FNH:0
DA:74,0
DA:75,0
DA:117,0
DA:127,0
DA:137,0
DA:138,0
DA:203,0
DA:206,0
DA:207,0
LF:9
LH:0
end_of_record
SF:/usr/include/c++/7/bits/stl_iterator.h
FN:782,_ZN9__gnu_cxx17__normal_iteratorIPSt4pairIiiESt6vectorIS2_SaIS2_EEEC2ERKS3_
FN:782,_ZN9__gnu_cxx17__normal_iteratorIPSt4pairIS1_IiiEcESt6vectorIS3_SaIS3_EEEC2ERKS4_
FN:795,_ZNK9__gnu_cxx17__normal_iteratorIPSt4pairIS1_IiiEcESt6vectorIS3_SaIS3_EEEdeEv
FN:795,_ZNK9__gnu_cxx17__normal_iteratorIPSt4pairIiiESt6vectorIS2_SaIS2_EEEdeEv
FN:843,_ZNK9__gnu_cxx17__normal_iteratorIPSt4pairIiiESt6vectorIS2_SaIS2_EEEmiEl
FN:843,_ZNK9__gnu_cxx17__normal_iteratorIPSt4pairIS1_IiiEcESt6vectorIS3_SaIS3_EEEmiEl
FN:847,_ZNK9__gnu_cxx17__normal_iteratorIPSt4pairIiiESt6vectorIS2_SaIS2_EEE4baseEv
FN:847,_ZNK9__gnu_cxx17__normal_iteratorIPSt4pairIS1_IiiEcESt6vectorIS3_SaIS3_EEE4baseEv
FN:965,_ZN9__gnu_cxxmiIPSt4pairIiiESt6vectorIS2_SaIS2_EEEENS_17__normal_iteratorIT_T0_E15difference_typeERKSA_SD_
FN:965,_ZN9__gnu_cxxmiIPSt4pairIS1_IiiEcESt6vectorIS3_SaIS3_EEEENS_17__normal_iteratorIT_T0_E15difference_typeERKSB_SE_
FN:1039,_ZNSt13move_iteratorIPSt4pairIiiEEC2ES2_
FN:1039,_ZNSt13move_iteratorIPSt4pairIS0_IiiEcEEC2ES3_
FN:1048,_ZNKSt13move_iteratorIPSt4pairIS0_IiiEcEE4baseEv
FN:1048,_ZNKSt13move_iteratorIPSt4pairIiiEE4baseEv
FN:1052,_ZNKSt13move_iteratorIPSt4pairIS0_IiiEcEEdeEv
FN:1052,_ZNKSt13move_iteratorIPSt4pairIiiEEdeEv
FN:1060,_ZNSt13move_iteratorIPSt4pairIiiEEppEv
FN:1060,_ZNSt13move_iteratorIPSt4pairIS0_IiiEcEEppEv
FN:1127,_ZSteqIPSt4pairIiiEEbRKSt13move_iteratorIT_ES7_
FN:1127,_ZSteqIPSt4pairIS0_IiiEcEEbRKSt13move_iteratorIT_ES8_
FN:1139,_ZStneIPSt4pairIiiEEbRKSt13move_iteratorIT_ES7_
FN:1139,_ZStneIPSt4pairIS0_IiiEcEEbRKSt13move_iteratorIT_ES8_
FN:1224,_ZSt32__make_move_if_noexcept_iteratorISt4pairIS0_IiiEcESt13move_iteratorIPS2_EET0_PT_
FN:1224,_ZSt32__make_move_if_noexcept_iteratorISt4pairIiiESt13move_iteratorIPS1_EET0_PT_
FNDA:0,_ZN9__gnu_cxx17__normal_iteratorIPSt4pairIS1_IiiEcESt6vectorIS3_SaIS3_EEEC2ERKS4_
FNDA:0,_ZN9__gnu_cxx17__normal_iteratorIPSt4pairIiiESt6vectorIS2_SaIS2_EEEC2ERKS3_
FNDA:0,_ZNK9__gnu_cxx17__normal_iteratorIPSt4pairIS1_IiiEcESt6vectorIS3_SaIS3_EEEdeEv
FNDA:0,_ZNK9__gnu_cxx17__normal_iteratorIPSt4pairIiiESt6vectorIS2_SaIS2_EEEdeEv
FNDA:0,_ZNK9__gnu_cxx17__normal_iteratorIPSt4pairIS1_IiiEcESt6vectorIS3_SaIS3_EEEmiEl
FNDA:0,_ZNK9__gnu_cxx17__normal_iteratorIPSt4pairIiiESt6vectorIS2_SaIS2_EEEmiEl
FNDA:0,_ZNK9__gnu_cxx17__normal_iteratorIPSt4pairIS1_IiiEcESt6vectorIS3_SaIS3_EEE4baseEv
FNDA:0,_ZNK9__gnu_cxx17__normal_iteratorIPSt4pairIiiESt6vectorIS2_SaIS2_EEE4baseEv
FNDA:0,_ZN9__gnu_cxxmiIPSt4pairIS1_IiiEcESt6vectorIS3_SaIS3_EEEENS_17__normal_iteratorIT_T0_E15difference_typeERKSB_SE_
FNDA:0,_ZN9__gnu_cxxmiIPSt4pairIiiESt6vectorIS2_SaIS2_EEEENS_17__normal_iteratorIT_T0_E15difference_typeERKSA_SD_
FNDA:0,_ZNSt13move_iteratorIPSt4pairIS0_IiiEcEEC2ES3_
FNDA:0,_ZNSt13move_iteratorIPSt4pairIiiEEC2ES2_
FNDA:0,_ZNKSt13move_iteratorIPSt4pairIS0_IiiEcEE4baseEv
FNDA:0,_ZNKSt13move_iteratorIPSt4pairIiiEE4baseEv
FNDA:0,_ZNKSt13move_iteratorIPSt4pairIS0_IiiEcEEdeEv
FNDA:0,_ZNKSt13move_iteratorIPSt4pairIiiEEdeEv
FNDA:0,_ZNSt13move_iteratorIPSt4pairIS0_IiiEcEEppEv
FNDA:0,_ZNSt13move_iteratorIPSt4pairIiiEEppEv
FNDA:0,_ZSteqIPSt4pairIS0_IiiEcEEbRKSt13move_iteratorIT_ES8_
FNDA:0,_ZSteqIPSt4pairIiiEEbRKSt13move_iteratorIT_ES7_
FNDA:0,_ZStneIPSt4pairIS0_IiiEcEEbRKSt13move_iteratorIT_ES8_
FNDA:0,_ZStneIPSt4pairIiiEEbRKSt13move_iteratorIT_ES7_
FNDA:0,_ZSt32__make_move_if_noexcept_iteratorISt4pairIS0_IiiEcESt13move_iteratorIPS2_EET0_PT_
FNDA:0,_ZSt32__make_move_if_noexcept_iteratorISt4pairIiiESt13move_iteratorIPS1_EET0_PT_
FNF:24
FNH:0
DA:782,0
DA:783,0
DA:795,0
DA:796,0
DA:843,0
DA:844,0
DA:847,0
DA:848,0
DA:965,0
DA:968,0
DA:1039,0
DA:1040,0
DA:1048,0
DA:1049,0
DA:1052,0
DA:1053,0
DA:1060,0
DA:1062,0
DA:1063,0
DA:1127,0
DA:1129,0
DA:1139,0
DA:1141,0
DA:1224,0
DA:1225,0
LF:25
LH:0
end_of_record
SF:/usr/include/c++/7/bits/stl_pair.h
FN:341,_ZNSt4pairIiiEC1IRiS2_Lb1EEEOT_OT0_
FN:341,_ZNSt4pairIS_IiiEcEC1IRS0_RcLb1EEEOT_OT0_
FNDA:0,_ZNSt4pairIS_IiiEcEC1IRS0_RcLb1EEEOT_OT0_
FNDA:0,_ZNSt4pairIiiEC1IRiS2_Lb1EEEOT_OT0_
FNF:2
FNH:0
DA:341,0
DA:342,0
LF:2
LH:0
end_of_record
SF:/usr/include/c++/7/bits/stl_uninitialized.h
FN:76,_ZNSt20__uninitialized_copyILb0EE13__uninit_copyISt13move_iteratorIPSt4pairIiiEES5_EET0_T_S8_S7_
FN:76,_ZNSt20__uninitialized_copyILb0EE13__uninit_copyISt13move_iteratorIPSt4pairIS3_IiiEcEES6_EET0_T_S9_S8_
FN:115,_ZSt18uninitialized_copyISt13move_iteratorIPSt4pairIiiEES3_ET0_T_S6_S5_
FN:115,_ZSt18uninitialized_copyISt13move_iteratorIPSt4pairIS1_IiiEcEES4_ET0_T_S7_S6_
FN:287,_ZSt22__uninitialized_copy_aISt13move_iteratorIPSt4pairIS1_IiiEcEES4_S3_ET0_T_S7_S6_RSaIT1_E
FN:287,_ZSt22__uninitialized_copy_aISt13move_iteratorIPSt4pairIiiEES3_S2_ET0_T_S6_S5_RSaIT1_E
FN:305,_ZSt34__uninitialized_move_if_noexcept_aIPSt4pairIiiES2_SaIS1_EET0_T_S5_S4_RT1_
FN:305,_ZSt34__uninitialized_move_if_noexcept_aIPSt4pairIS0_IiiEcES3_SaIS2_EET0_T_S6_S5_RT1_
FNDA:0,_ZNSt20__uninitialized_copyILb0EE13__uninit_copyISt13move_iteratorIPSt4pairIS3_IiiEcEES6_EET0_T_S9_S8_
FNDA:0,_ZNSt20__uninitialized_copyILb0EE13__uninit_copyISt13move_iteratorIPSt4pairIiiEES5_EET0_T_S8_S7_
FNDA:0,_ZSt18uninitialized_copyISt13move_iteratorIPSt4pairIS1_IiiEcEES4_ET0_T_S7_S6_
FNDA:0,_ZSt18uninitialized_copyISt13move_iteratorIPSt4pairIiiEES3_ET0_T_S6_S5_
FNDA:0,_ZSt22__uninitialized_copy_aISt13move_iteratorIPSt4pairIS1_IiiEcEES4_S3_ET0_T_S7_S6_RSaIT1_E
FNDA:0,_ZSt22__uninitialized_copy_aISt13move_iteratorIPSt4pairIiiEES3_S2_ET0_T_S6_S5_RSaIT1_E
FNDA:0,_ZSt34__uninitialized_move_if_noexcept_aIPSt4pairIS0_IiiEcES3_SaIS2_EET0_T_S6_S5_RT1_
FNDA:0,_ZSt34__uninitialized_move_if_noexcept_aIPSt4pairIiiES2_SaIS1_EET0_T_S5_S4_RT1_
FNF:8
FNH:0
DA:76,0
DA:79,0
DA:82,0
DA:83,0
DA:84,0
DA:86,0
DA:88,0
DA:89,0
DA:115,0
DA:128,0
DA:134,0
DA:287,0
DA:289,0
DA:305,0
DA:311,0
DA:312,0
LF:16
LH:0
end_of_record
SF:/usr/include/c++/7/bits/stl_vector.h
FN:81,_ZNSt12_Vector_baseISt4pairIS0_IiiEcESaIS2_EE12_Vector_implD2Ev
FN:81,_ZNSt12_Vector_baseISt4pairIiiESaIS1_EE12_Vector_implD2Ev
FN:88,_ZNSt12_Vector_baseISt4pairIiiESaIS1_EE12_Vector_implC2Ev
FN:88,_ZNSt12_Vector_baseISt4pairIS0_IiiEcESaIS2_EE12_Vector_implC2Ev
FN:115,_ZNSt12_Vector_baseISt4pairIiiESaIS1_EE19_M_get_Tp_allocatorEv
FN:115,_ZNSt12_Vector_baseISt4pairIS0_IiiEcESaIS2_EE19_M_get_Tp_allocatorEv
FN:119,_ZNKSt12_Vector_baseISt4pairIS0_IiiEcESaIS2_EE19_M_get_Tp_allocatorEv
FN:119,_ZNKSt12_Vector_baseISt4pairIiiESaIS1_EE19_M_get_Tp_allocatorEv
FN:126,_ZNSt12_Vector_baseISt4pairIiiESaIS1_EEC2Ev
FN:126,_ZNSt12_Vector_baseISt4pairIS0_IiiEcESaIS2_EEC2Ev
FN:161,_ZNSt12_Vector_baseISt4pairIiiESaIS1_EED2Ev
FN:161,_ZNSt12_Vector_baseISt4pairIS0_IiiEcESaIS2_EED2Ev
FN:169,_ZNSt12_Vector_baseISt4pairIS0_IiiEcESaIS2_EE11_M_allocateEm
FN:169,_ZNSt12_Vector_baseISt4pairIiiESaIS1_EE11_M_allocateEm
FN:176,_ZNSt12_Vector_baseISt4pairIS0_IiiEcESaIS2_EE13_M_deallocateEPS2_m
FN:176,_ZNSt12_Vector_baseISt4pairIiiESaIS1_EE13_M_deallocateEPS1_m
FN:259,_ZNSt6vectorISt4pairIiiESaIS1_EEC2Ev
FN:259,_ZNSt6vectorISt4pairIS0_IiiEcESaIS2_EEC2Ev
FN:433,_ZNSt6vectorISt4pairIiiESaIS1_EED2Ev
FN:433,_ZNSt6vectorISt4pairIS0_IiiEcESaIS2_EED2Ev
FN:563,_ZNSt6vectorISt4pairIiiESaIS1_EE5beginEv
FN:563,_ZNSt6vectorISt4pairIS0_IiiEcESaIS2_EE5beginEv
FN:581,_ZNSt6vectorISt4pairIS0_IiiEcESaIS2_EE3endEv
FN:581,_ZNSt6vectorISt4pairIiiESaIS1_EE3endEv
FN:670,_ZNKSt6vectorISt4pairIiiESaIS1_EE4sizeEv
FN:670,_ZNKSt6vectorISt4pairIS0_IiiEcESaIS2_EE4sizeEv
FN:675,_ZNKSt6vectorISt4pairIS0_IiiEcESaIS2_EE8max_sizeEv
FN:675,_ZNKSt6vectorISt4pairIiiESaIS1_EE8max_sizeEv
FN:795,_ZNSt6vectorISt4pairIiiESaIS1_EEixEm
FN:895,_ZNSt6vectorISt4pairIiiESaIS1_EE4backEv
FN:895,_ZNSt6vectorISt4pairIS0_IiiEcESaIS2_EE4backEv
FN:939,_ZNSt6vectorISt4pairIiiESaIS1_EE9push_backERKS1_
FN:953,_ZNSt6vectorISt4pairIS0_IiiEcESaIS2_EE9push_backEOS2_
FN:953,_ZNSt6vectorISt4pairIiiESaIS1_EE9push_backEOS1_
FN:975,_ZNSt6vectorISt4pairIS0_IiiEcESaIS2_EE8pop_backEv
FN:975,_ZNSt6vectorISt4pairIiiESaIS1_EE8pop_backEv
FN:1247,_ZNSt6vectorISt4pairIS0_IiiEcESaIS2_EE5clearEv
FN:1502,_ZNKSt6vectorISt4pairIS0_IiiEcESaIS2_EE12_M_check_lenEmPKc
FN:1502,_ZNKSt6vectorISt4pairIiiESaIS1_EE12_M_check_lenEmPKc
FN:1516,_ZNSt6vectorISt4pairIS0_IiiEcESaIS2_EE15_M_erase_at_endEPS2_
FNDA:0,_ZNSt12_Vector_baseISt4pairIS0_IiiEcESaIS2_EE12_Vector_implD2Ev
FNDA:0,_ZNSt12_Vector_baseISt4pairIiiESaIS1_EE12_Vector_implD2Ev
FNDA:0,_ZNSt12_Vector_baseISt4pairIS0_IiiEcESaIS2_EE12_Vector_implC2Ev
FNDA:0,_ZNSt12_Vector_baseISt4pairIiiESaIS1_EE12_Vector_implC2Ev
FNDA:0,_ZNSt12_Vector_baseISt4pairIS0_IiiEcESaIS2_EE19_M_get_Tp_allocatorEv
FNDA:0,_ZNSt12_Vector_baseISt4pairIiiESaIS1_EE19_M_get_Tp_allocatorEv
FNDA:0,_ZNKSt12_Vector_baseISt4pairIS0_IiiEcESaIS2_EE19_M_get_Tp_allocatorEv
FNDA:0,_ZNKSt12_Vector_baseISt4pairIiiESaIS1_EE19_M_get_Tp_allocatorEv
FNDA:0,_ZNSt12_Vector_baseISt4pairIS0_IiiEcESaIS2_EEC2Ev
FNDA:0,_ZNSt12_Vector_baseISt4pairIiiESaIS1_EEC2Ev
FNDA:0,_ZNSt12_Vector_baseISt4pairIS0_IiiEcESaIS2_EED2Ev
FNDA:0,_ZNSt12_Vector_baseISt4pairIiiESaIS1_EED2Ev
FNDA:0,_ZNSt12_Vector_baseISt4pairIS0_IiiEcESaIS2_EE11_M_allocateEm
FNDA:0,_ZNSt12_Vector_baseISt4pairIiiESaIS1_EE11_M_allocateEm
FNDA:0,_ZNSt12_Vector_baseISt4pairIS0_IiiEcESaIS2_EE13_M_deallocateEPS2_m
FNDA:0,_ZNSt12_Vector_baseISt4pairIiiESaIS1_EE13_M_deallocateEPS1_m
FNDA:0,_ZNSt6vectorISt4pairIS0_IiiEcESaIS2_EEC2Ev
FNDA:0,_ZNSt6vectorISt4pairIiiESaIS1_EEC2Ev
FNDA:0,_ZNSt6vectorISt4pairIS0_IiiEcESaIS2_EED2Ev
FNDA:0,_ZNSt6vectorISt4pairIiiESaIS1_EED2Ev
FNDA:0,_ZNSt6vectorISt4pairIS0_IiiEcESaIS2_EE5beginEv
FNDA:0,_ZNSt6vectorISt4pairIiiESaIS1_EE5beginEv
FNDA:0,_ZNSt6vectorISt4pairIS0_IiiEcESaIS2_EE3endEv
FNDA:0,_ZNSt6vectorISt4pairIiiESaIS1_EE3endEv
FNDA:0,_ZNKSt6vectorISt4pairIS0_IiiEcESaIS2_EE4sizeEv
FNDA:0,_ZNKSt6vectorISt4pairIiiESaIS1_EE4sizeEv
FNDA:0,_ZNKSt6vectorISt4pairIS0_IiiEcESaIS2_EE8max_sizeEv
FNDA:0,_ZNKSt6vectorISt4pairIiiESaIS1_EE8max_sizeEv
FNDA:0,_ZNSt6vectorISt4pairIiiESaIS1_EEixEm
FNDA:0,_ZNSt6vectorISt4pairIS0_IiiEcESaIS2_EE4backEv
FNDA:0,_ZNSt6vectorISt4pairIiiESaIS1_EE4backEv
FNDA:0,_ZNSt6vectorISt4pairIiiESaIS1_EE9push_backERKS1_
FNDA:0,_ZNSt6vectorISt4pairIS0_IiiEcESaIS2_EE9push_backEOS2_
FNDA:0,_ZNSt6vectorISt4pairIiiESaIS1_EE9push_backEOS1_
FNDA:0,_ZNSt6vectorISt4pairIS0_IiiEcESaIS2_EE8pop_backEv
FNDA:0,_ZNSt6vectorISt4pairIiiESaIS1_EE8pop_backEv
FNDA:0,_ZNSt6vectorISt4pairIS0_IiiEcESaIS2_EE5clearEv
FNDA:0,_ZNKSt6vectorISt4pairIS0_IiiEcESaIS2_EE12_M_check_lenEmPKc
FNDA:0,_ZNKSt6vectorISt4pairIiiESaIS1_EE12_M_check_lenEmPKc
FNDA:0,_ZNSt6vectorISt4pairIS0_IiiEcESaIS2_EE15_M_erase_at_endEPS2_
FNF:40
FNH:0
DA:81,0
DA:88,0
DA:89,0
DA:90,0
DA:115,0
DA:116,0
DA:119,0
DA:120,0
DA:126,0
DA:127,0
DA:161,0
DA:162,0
DA:163,0
DA:169,0
DA:172,0
DA:176,0
DA:179,0
DA:180,0
DA:181,0
DA:259,0
DA:263,0
DA:433,0
DA:434,0
DA:435,0
DA:563,0
DA:564,0
DA:581,0
DA:582,0
DA:670,0
DA:671,0
DA:675,0
DA:676,0
DA:795,0
DA:798,0
DA:895,0
DA:898,0
DA:939,0
DA:941,0
DA:943,0
DA:945,0
DA:948,0
DA:949,0
DA:953,0
DA:954,0
DA:975,0
DA:978,0
DA:979,0
DA:980,0
DA:1247,0
DA:1248,0
DA:1502,0
DA:1504,0
DA:1505,0
DA:1507,0
DA:1508,0
DA:1516,0
DA:1518,0
DA:1519,0
DA:1520,0
LF:59
LH:0
end_of_record
SF:/home/jeffrey/Desktop/Software Testing & Maintenance/TicTacToe/tictactoe.cpp
FN:6,_Z7sleepcpi
FN:15,_ZN9tictactoeC2Ev
FN:23,_ZN9tictactoe10print_gridEv
FN:45,_ZN9tictactoe5inputEc
FN:64,_ZN9tictactoe6if_wonEv
FN:79,_ZN9tictactoe12do_last_moveEc
FNDA:0,_Z7sleepcpi
FNDA:5,_ZN9tictactoeC2Ev
FNDA:1,_ZN9tictactoe10print_gridEv
FNDA:0,_ZN9tictactoe5inputEc
FNDA:1,_ZN9tictactoe6if_wonEv
FNDA:1,_ZN9tictactoe12do_last_moveEc
FNF:6
FNH:4
DA:6,0
DA:9,0
DA:10,0
DA:13,0
DA:15,5
DA:17,20
DA:18,60
DA:19,45
DA:21,5
DA:23,1
DA:25,1
DA:26,1
DA:27,4
DA:28,3
DA:29,0
DA:30,0
DA:33,3
DA:34,0
DA:35,0
DA:38,3
DA:39,1
DA:40,1
DA:42,0
DA:43,0
DA:45,0
DA:48,0
DA:49,0
DA:50,0
DA:51,0
DA:52,0
DA:53,0
DA:54,0
DA:55,0
DA:56,0
DA:57,0
DA:59,0
DA:60,0
DA:61,0
DA:64,1
DA:66,4
DA:67,3
DA:68,0
DA:69,4
DA:70,3
DA:71,0
DA:72,1
DA:73,0
DA:74,1
DA:75,0
DA:76,1
DA:79,1
DA:81,1
DA:82,1
DA:83,1
DA:84,1
DA:85,1
DA:86,2
DA:88,0
LF:58
LH:29
end_of_record
SF:/usr/include/c++/7/tuple
FN:76,_ZNSt10_Head_baseILm1ESt14default_deleteINSt7__cxx1112basic_stringIcSt11char_traitsIcESaIcEEEELb1EEC2Ev
FN:113,_ZNSt10_Head_baseILm1ESt14default_deleteINSt7__cxx1118basic_stringstreamIcSt11char_traitsIcESaIcEEEELb1EE7_M_headERS8_
FN:113,_ZNSt10_Head_baseILm1ESt14default_deleteINSt7__cxx1112basic_stringIcSt11char_traitsIcESaIcEEEELb1EE7_M_headERS8_
FN:122,_ZNSt10_Head_baseILm0EPNSt7__cxx1112basic_stringIcSt11char_traitsIcESaIcEEELb0EEC2Ev
FN:160,_ZNSt10_Head_baseILm0EPNSt7__cxx1118basic_stringstreamIcSt11char_traitsIcESaIcEEELb0EE7_M_headERS7_
FN:160,_ZNSt10_Head_baseILm0EPNSt7__cxx1112basic_stringIcSt11char_traitsIcESaIcEEELb0EE7_M_headERS7_
FN:163,_ZNSt10_Head_baseILm0EPNSt7__cxx1112basic_stringIcSt11char_traitsIcESaIcEEELb0EE7_M_headERKS7_
FN:195,_ZNSt11_Tuple_implILm0EJPNSt7__cxx1118basic_stringstreamIcSt11char_traitsIcESaIcEEESt14default_deleteIS5_EEE7_M_headERS9_
FN:195,_ZNSt11_Tuple_implILm0EJPNSt7__cxx1112basic_stringIcSt11char_traitsIcESaIcEEESt14default_deleteIS5_EEE7_M_headERS9_
FN:198,_ZNSt11_Tuple_implILm0EJPNSt7__cxx1112basic_stringIcSt11char_traitsIcESaIcEEESt14default_deleteIS5_EEE7_M_headERKS9_
FN:206,_ZNSt11_Tuple_implILm0EJPNSt7__cxx1112basic_stringIcSt11char_traitsIcESaIcEEESt14default_deleteIS5_EEEC2Ev
FN:351,_ZNSt11_Tuple_implILm1EJSt14default_deleteINSt7__cxx1112basic_stringIcSt11char_traitsIcESaIcEEEEEE7_M_headERS8_
FN:351,_ZNSt11_Tuple_implILm1EJSt14default_deleteINSt7__cxx1118basic_stringstreamIcSt11char_traitsIcESaIcEEEEEE7_M_headERS8_
FN:356,_ZNSt11_Tuple_implILm1EJSt14default_deleteINSt7__cxx1112basic_stringIcSt11char_traitsIcESaIcEEEEEEC2Ev
FN:919,_ZNSt5tupleIJPNSt7__cxx1112basic_stringIcSt11char_traitsIcESaIcEEESt14default_deleteIS5_EEEC2IS6_S8_Lb1EEEv
FN:1303,_ZSt12__get_helperILm1ESt14default_deleteINSt7__cxx1112basic_stringIcSt11char_traitsIcESaIcEEEEJEERT0_RSt11_Tuple_implIXT_EJS8_DpT1_EE
FN:1303,_ZSt12__get_helperILm0EPNSt7__cxx1118basic_stringstreamIcSt11char_traitsIcESaIcEEEJSt14default_deleteIS5_EEERT0_RSt11_Tuple_implIXT_EJS9_DpT1_EE
FN:1303,_ZSt12__get_helperILm0EPNSt7__cxx1112basic_stringIcSt11char_traitsIcESaIcEEEJSt14default_deleteIS5_EEERT0_RSt11_Tuple_implIXT_EJS9_DpT1_EE
FN:1303,_ZSt12__get_helperILm1ESt14default_deleteINSt7__cxx1118basic_stringstreamIcSt11char_traitsIcESaIcEEEEJEERT0_RSt11_Tuple_implIXT_EJS8_DpT1_EE
FN:1308,_ZSt12__get_helperILm0EPNSt7__cxx1112basic_stringIcSt11char_traitsIcESaIcEEEJSt14default_deleteIS5_EEERKT0_RKSt11_Tuple_implIXT_EJS9_DpT1_EE
FN:1314,_ZSt3getILm1EJPNSt7__cxx1118basic_stringstreamIcSt11char_traitsIcESaIcEEESt14default_deleteIS5_EEERNSt13tuple_elementIXT_ESt5tupleIJDpT0_EEE4typeERSD_
FN:1314,_ZSt3getILm0EJPNSt7__cxx1112basic_stringIcSt11char_traitsIcESaIcEEESt14default_deleteIS5_EEERNSt13tuple_elementIXT_ESt5tupleIJDpT0_EEE4typeERSD_
FN:1314,_ZSt3getILm1EJPNSt7__cxx1112basic_stringIcSt11char_traitsIcESaIcEEESt14default_deleteIS5_EEERNSt13tuple_elementIXT_ESt5tupleIJDpT0_EEE4typeERSD_
FN:1314,_ZSt3getILm0EJPNSt7__cxx1118basic_stringstreamIcSt11char_traitsIcESaIcEEESt14default_deleteIS5_EEERNSt13tuple_elementIXT_ESt5tupleIJDpT0_EEE4typeERSD_
FN:1320,_ZSt3getILm0EJPNSt7__cxx1112basic_stringIcSt11char_traitsIcESaIcEEESt14default_deleteIS5_EEERKNSt13tuple_elementIXT_ESt5tupleIJDpT0_EEE4typeERKSD_
FNDA:0,_ZNSt10_Head_baseILm1ESt14default_deleteINSt7__cxx1112basic_stringIcSt11char_traitsIcESaIcEEEELb1EEC2Ev
FNDA:0,_ZNSt10_Head_baseILm1ESt14default_deleteINSt7__cxx1112basic_stringIcSt11char_traitsIcESaIcEEEELb1EE7_M_headERS8_
FNDA:0,_ZNSt10_Head_baseILm1ESt14default_deleteINSt7__cxx1118basic_stringstreamIcSt11char_traitsIcESaIcEEEELb1EE7_M_headERS8_
FNDA:0,_ZNSt10_Head_baseILm0EPNSt7__cxx1112basic_stringIcSt11char_traitsIcESaIcEEELb0EEC2Ev
FNDA:0,_ZNSt10_Head_baseILm0EPNSt7__cxx1112basic_stringIcSt11char_traitsIcESaIcEEELb0EE7_M_headERS7_
FNDA:0,_ZNSt10_Head_baseILm0EPNSt7__cxx1118basic_stringstreamIcSt11char_traitsIcESaIcEEELb0EE7_M_headERS7_
FNDA:0,_ZNSt10_Head_baseILm0EPNSt7__cxx1112basic_stringIcSt11char_traitsIcESaIcEEELb0EE7_M_headERKS7_
FNDA:0,_ZNSt11_Tuple_implILm0EJPNSt7__cxx1112basic_stringIcSt11char_traitsIcESaIcEEESt14default_deleteIS5_EEE7_M_headERS9_
FNDA:0,_ZNSt11_Tuple_implILm0EJPNSt7__cxx1118basic_stringstreamIcSt11char_traitsIcESaIcEEESt14default_deleteIS5_EEE7_M_headERS9_
FNDA:0,_ZNSt11_Tuple_implILm0EJPNSt7__cxx1112basic_stringIcSt11char_traitsIcESaIcEEESt14default_deleteIS5_EEE7_M_headERKS9_
FNDA:0,_ZNSt11_Tuple_implILm0EJPNSt7__cxx1112basic_stringIcSt11char_traitsIcESaIcEEESt14default_deleteIS5_EEEC2Ev
FNDA:0,_ZNSt11_Tuple_implILm1EJSt14default_deleteINSt7__cxx1112basic_stringIcSt11char_traitsIcESaIcEEEEEE7_M_headERS8_
FNDA:0,_ZNSt11_Tuple_implILm1EJSt14default_deleteINSt7__cxx1118basic_stringstreamIcSt11char_traitsIcESaIcEEEEEE7_M_headERS8_
FNDA:0,_ZNSt11_Tuple_implILm1EJSt14default_deleteINSt7__cxx1112basic_stringIcSt11char_traitsIcESaIcEEEEEEC2Ev
FNDA:0,_ZNSt5tupleIJPNSt7__cxx1112basic_stringIcSt11char_traitsIcESaIcEEESt14default_deleteIS5_EEEC2IS6_S8_Lb1EEEv
FNDA:0,_ZSt12__get_helperILm1ESt14default_deleteINSt7__cxx1112basic_stringIcSt11char_traitsIcESaIcEEEEJEERT0_RSt11_Tuple_implIXT_EJS8_DpT1_EE
FNDA:0,_ZSt12__get_helperILm1ESt14default_deleteINSt7__cxx1118basic_stringstreamIcSt11char_traitsIcESaIcEEEEJEERT0_RSt11_Tuple_implIXT_EJS8_DpT1_EE
FNDA:0,_ZSt12__get_helperILm0EPNSt7__cxx1112basic_stringIcSt11char_traitsIcESaIcEEEJSt14default_deleteIS5_EEERT0_RSt11_Tuple_implIXT_EJS9_DpT1_EE
FNDA:0,_ZSt12__get_helperILm0EPNSt7__cxx1118basic_stringstreamIcSt11char_traitsIcESaIcEEEJSt14default_deleteIS5_EEERT0_RSt11_Tuple_implIXT_EJS9_DpT1_EE
FNDA:0,_ZSt12__get_helperILm0EPNSt7__cxx1112basic_stringIcSt11char_traitsIcESaIcEEEJSt14default_deleteIS5_EEERKT0_RKSt11_Tuple_implIXT_EJS9_DpT1_EE
FNDA:0,_ZSt3getILm1EJPNSt7__cxx1112basic_stringIcSt11char_traitsIcESaIcEEESt14default_deleteIS5_EEERNSt13tuple_elementIXT_ESt5tupleIJDpT0_EEE4typeERSD_
FNDA:0,_ZSt3getILm1EJPNSt7__cxx1118basic_stringstreamIcSt11char_traitsIcESaIcEEESt14default_deleteIS5_EEERNSt13tuple_elementIXT_ESt5tupleIJDpT0_EEE4typeERSD_
FNDA:0,_ZSt3getILm0EJPNSt7__cxx1112basic_stringIcSt11char_traitsIcESaIcEEESt14default_deleteIS5_EEERNSt13tuple_elementIXT_ESt5tupleIJDpT0_EEE4typeERSD_
FNDA:0,_ZSt3getILm0EJPNSt7__cxx1118basic_stringstreamIcSt11char_traitsIcESaIcEEESt14default_deleteIS5_EEERNSt13tuple_elementIXT_ESt5tupleIJDpT0_EEE4typeERSD_
FNDA:0,_ZSt3getILm0EJPNSt7__cxx1112basic_stringIcSt11char_traitsIcESaIcEEESt14default_deleteIS5_EEERKNSt13tuple_elementIXT_ESt5tupleIJDpT0_EEE4typeERKSD_
FNF:25
FNH:0
DA:76,0
DA:77,0
DA:113,0
DA:122,0
DA:123,0
DA:160,0
DA:163,0
DA:195,0
DA:198,0
DA:206,0
DA:207,0
DA:351,0
DA:356,0
DA:357,0
DA:919,0
DA:920,0
DA:1303,0
DA:1304,0
DA:1308,0
DA:1309,0
DA:1314,0
DA:1315,0
DA:1320,0
DA:1321,0
LF:24
LH:0
end_of_record
SF:/usr/include/c++/7/bits/unique_ptr.h
FN:72,_ZNKSt14default_deleteINSt7__cxx1118basic_stringstreamIcSt11char_traitsIcESaIcEEEEclEPS5_
FN:72,_ZNKSt14default_deleteINSt7__cxx1112basic_stringIcSt11char_traitsIcESaIcEEEEclEPS5_
FN:139,_ZNSt15__uniq_ptr_implINSt7__cxx1112basic_stringIcSt11char_traitsIcESaIcEEESt14default_deleteIS5_EEC2Ev
FN:146,_ZNSt15__uniq_ptr_implINSt7__cxx1118basic_stringstreamIcSt11char_traitsIcESaIcEEESt14default_deleteIS5_EE6_M_ptrEv
FN:146,_ZNSt15__uniq_ptr_implINSt7__cxx1112basic_stringIcSt11char_traitsIcESaIcEEESt14default_deleteIS5_EE6_M_ptrEv
FN:147,_ZNKSt15__uniq_ptr_implINSt7__cxx1112basic_stringIcSt11char_traitsIcESaIcEEESt14default_deleteIS5_EE6_M_ptrEv
FN:148,_ZNSt15__uniq_ptr_implINSt7__cxx1112basic_stringIcSt11char_traitsIcESaIcEEESt14default_deleteIS5_EE10_M_deleterEv
FN:148,_ZNSt15__uniq_ptr_implINSt7__cxx1118basic_stringstreamIcSt11char_traitsIcESaIcEEESt14default_deleteIS5_EE10_M_deleterEv
FN:188,_ZNSt10unique_ptrINSt7__cxx1112basic_stringIcSt11char_traitsIcESaIcEEESt14default_deleteIS5_EEC2IS7_vEEv
FN:264,_ZNSt10unique_ptrINSt7__cxx1118basic_stringstreamIcSt11char_traitsIcESaIcEEESt14default_deleteIS5_EED2Ev
FN:264,_ZNSt10unique_ptrINSt7__cxx1112basic_stringIcSt11char_traitsIcESaIcEEESt14default_deleteIS5_EED2Ev
FN:328,_ZNKSt10unique_ptrINSt7__cxx1112basic_stringIcSt11char_traitsIcESaIcEEESt14default_deleteIS5_EEptEv
FN:336,_ZNKSt10unique_ptrINSt7__cxx1112basic_stringIcSt11char_traitsIcESaIcEEESt14default_deleteIS5_EE3getEv
FN:341,_ZNSt10unique_ptrINSt7__cxx1118basic_stringstreamIcSt11char_traitsIcESaIcEEESt14default_deleteIS5_EE11get_deleterEv
FN:341,_ZNSt10unique_ptrINSt7__cxx1112basic_stringIcSt11char_traitsIcESaIcEEESt14default_deleteIS5_EE11get_deleterEv
FNDA:0,_ZNKSt14default_deleteINSt7__cxx1112basic_stringIcSt11char_traitsIcESaIcEEEEclEPS5_
FNDA:0,_ZNKSt14default_deleteINSt7__cxx1118basic_stringstreamIcSt11char_traitsIcESaIcEEEEclEPS5_
FNDA:0,_ZNSt15__uniq_ptr_implINSt7__cxx1112basic_stringIcSt11char_traitsIcESaIcEEESt14default_deleteIS5_EEC2Ev
FNDA:0,_ZNSt15__uniq_ptr_implINSt7__cxx1112basic_stringIcSt11char_traitsIcESaIcEEESt14default_deleteIS5_EE6_M_ptrEv
FNDA:0,_ZNSt15__uniq_ptr_implINSt7__cxx1118basic_stringstreamIcSt11char_traitsIcESaIcEEESt14default_deleteIS5_EE6_M_ptrEv
FNDA:0,_ZNKSt15__uniq_ptr_implINSt7__cxx1112basic_stringIcSt11char_traitsIcESaIcEEESt14default_deleteIS5_EE6_M_ptrEv
FNDA:0,_ZNSt15__uniq_ptr_implINSt7__cxx1112basic_stringIcSt11char_traitsIcESaIcEEESt14default_deleteIS5_EE10_M_deleterEv
FNDA:0,_ZNSt15__uniq_ptr_implINSt7__cxx1118basic_stringstreamIcSt11char_traitsIcESaIcEEESt14default_deleteIS5_EE10_M_deleterEv
FNDA:0,_ZNSt10unique_ptrINSt7__cxx1112basic_stringIcSt11char_traitsIcESaIcEEESt14default_deleteIS5_EEC2IS7_vEEv
FNDA:0,_ZNSt10unique_ptrINSt7__cxx1112basic_stringIcSt11char_traitsIcESaIcEEESt14default_deleteIS5_EED2Ev
FNDA:0,_ZNSt10unique_ptrINSt7__cxx1118basic_stringstreamIcSt11char_traitsIcESaIcEEESt14default_deleteIS5_EED2Ev
FNDA:0,_ZNKSt10unique_ptrINSt7__cxx1112basic_stringIcSt11char_traitsIcESaIcEEESt14default_deleteIS5_EEptEv
FNDA:0,_ZNKSt10unique_ptrINSt7__cxx1112basic_stringIcSt11char_traitsIcESaIcEEESt14default_deleteIS5_EE3getEv
FNDA:0,_ZNSt10unique_ptrINSt7__cxx1112basic_stringIcSt11char_traitsIcESaIcEEESt14default_deleteIS5_EE11get_deleterEv
FNDA:0,_ZNSt10unique_ptrINSt7__cxx1118basic_stringstreamIcSt11char_traitsIcESaIcEEESt14default_deleteIS5_EE11get_deleterEv
FNF:15
FNH:0
DA:72,0
DA:78,0
DA:79,0
DA:139,0
DA:146,0
DA:147,0
DA:148,0
DA:188,0
DA:189,0
DA:190,0
DA:264,0
DA:266,0
DA:267,0
DA:268,0
DA:269,0
DA:270,0
DA:328,0
DA:331,0
DA:336,0
DA:337,0
DA:341,0
DA:342,0
LF:22
LH:0
end_of_record
SF:/usr/include/c++/7/bits/vector.tcc
FN:95,_ZNSt6vectorISt4pairIS0_IiiEcESaIS2_EE12emplace_backIJS2_EEEvDpOT_
FN:95,_ZNSt6vectorISt4pairIiiESaIS1_EE12emplace_backIJS1_EEEvDpOT_
FN:394,_ZNSt6vectorISt4pairIS0_IiiEcESaIS2_EE17_M_realloc_insertIJS2_EEEvN9__gnu_cxx17__normal_iteratorIPS2_S4_EEDpOT_
FN:394,_ZNSt6vectorISt4pairIiiESaIS1_EE17_M_realloc_insertIJRKS1_EEEvN9__gnu_cxx17__normal_iteratorIPS1_S3_EEDpOT_
FN:394,_ZNSt6vectorISt4pairIiiESaIS1_EE17_M_realloc_insertIJS1_EEEvN9__gnu_cxx17__normal_iteratorIPS1_S3_EEDpOT_
FNDA:0,_ZNSt6vectorISt4pairIS0_IiiEcESaIS2_EE12emplace_backIJS2_EEEvDpOT_
FNDA:0,_ZNSt6vectorISt4pairIiiESaIS1_EE12emplace_backIJS1_EEEvDpOT_
FNDA:0,_ZNSt6vectorISt4pairIS0_IiiEcESaIS2_EE17_M_realloc_insertIJS2_EEEvN9__gnu_cxx17__normal_iteratorIPS2_S4_EEDpOT_
FNDA:0,_ZNSt6vectorISt4pairIiiESaIS1_EE17_M_realloc_insertIJS1_EEEvN9__gnu_cxx17__normal_iteratorIPS1_S3_EEDpOT_
FNDA:0,_ZNSt6vectorISt4pairIiiESaIS1_EE17_M_realloc_insertIJRKS1_EEEvN9__gnu_cxx17__normal_iteratorIPS1_S3_EEDpOT_
FNF:5
FNH:0
DA:95,0
DA:98,0
DA:100,0
DA:102,0
DA:105,0
DA:109,0
DA:394,0
DA:403,0
DA:405,0
DA:406,0
DA:407,0
DA:415,0
DA:416,0
DA:422,0
DA:424,0
DA:426,0
DA:427,0
DA:429,0
DA:431,0
DA:433,0
DA:434,0
DA:436,0
DA:438,0
DA:439,0
DA:440,0
DA:442,0
DA:443,0
DA:444,0
DA:446,0
DA:447,0
DA:448,0
DA:449,0
DA:450,0
DA:451,0
DA:452,0
DA:453,0
DA:454,0
LF:37
LH:0
end_of_record
